2019-04-25T07:16:45+00:00 CRITICAL require_once(): Failed opening required '/home/adlabfactory/public_html/e-markethub.com/quiz/woo/wp-content/plugins/woocommerce/includes/libraries/geolite2/Reader/Decoder.php' (include_path='.:/opt/cpanel/ea-php71/root/usr/share/pear') in /home/adlabfactory/public_html/e-markethub.com/quiz/woo/wp-content/plugins/woocommerce/includes/class-wc-geolite-integration.php on line 95

2019-04-25T11:12:28+00:00 CRITICAL Uncaught Error: Call to undefined function is_frontpage() in /home/adlabfactory/public_html/e-markethub.com/quiz/woo/wp-content/themes/storefront/functions.php:141
Stack trace:
#0 /home/adlabfactory/public_html/e-markethub.com/quiz/woo/wp-includes/class-wp-hook.php(286): redirect_to_home('')
#1 /home/adlabfactory/public_html/e-markethub.com/quiz/woo/wp-includes/class-wp-hook.php(310): WP_Hook->apply_filters(NULL, Array)
#2 /home/adlabfactory/public_html/e-markethub.com/quiz/woo/wp-includes/plugin.php(465): WP_Hook->do_action(Array)
#3 /home/adlabfactory/public_html/e-markethub.com/quiz/woo/wp-includes/template-loader.php(13): do_action('template_redire...')
#4 /home/adlabfactory/public_html/e-markethub.com/quiz/woo/wp-blog-header.php(19): require_once('/home/adlabfact...')
#5 /home/adlabfactory/public_html/e-markethub.com/quiz/woo/index.php(17): require('/home/adlabfact...')
#6 {main}
  thrown in /home/adlabfactory/public_html/e-markethub.com/quiz/woo/wp-content/themes/storefront/functions.php on line 141

2019-04-25T11:50:23+00:00 CRITICAL syntax error, unexpected 'update_cart' (T_STRING), expecting ',' or ';' in /home/adlabfactory/public_html/e-markethub.com/quiz/woo/wp-content/plugins/optartprivate-woocommerce-one-page-shopping-670be81a6b9a/templates/frontpage/cart.php on line 8

2019-04-25T11:50:23+00:00 CRITICAL syntax error, unexpected 'update_cart' (T_STRING), expecting ',' or ';' in /home/adlabfactory/public_html/e-markethub.com/quiz/woo/wp-content/plugins/optartprivate-woocommerce-one-page-shopping-670be81a6b9a/templates/frontpage/cart.php on line 8

2019-04-25T11:50:24+00:00 CRITICAL syntax error, unexpected 'update_cart' (T_STRING), expecting ',' or ';' in /home/adlabfactory/public_html/e-markethub.com/quiz/woo/wp-content/plugins/optartprivate-woocommerce-one-page-shopping-670be81a6b9a/templates/frontpage/cart.php on line 8

2019-04-25T11:50:24+00:00 CRITICAL syntax error, unexpected 'update_cart' (T_STRING), expecting ',' or ';' in /home/adlabfactory/public_html/e-markethub.com/quiz/woo/wp-content/plugins/optartprivate-woocommerce-one-page-shopping-670be81a6b9a/templates/frontpage/cart.php on line 8

2019-04-25T11:59:35+00:00 CRITICAL syntax error, unexpected '<', expecting end of file in /home/adlabfactory/public_html/e-markethub.com/quiz/woo/wp-content/plugins/optartprivate-woocommerce-one-page-shopping-670be81a6b9a/templates/frontpage/cart.php on line 10

2019-04-25T11:59:35+00:00 CRITICAL syntax error, unexpected '<', expecting end of file in /home/adlabfactory/public_html/e-markethub.com/quiz/woo/wp-content/plugins/optartprivate-woocommerce-one-page-shopping-670be81a6b9a/templates/frontpage/cart.php on line 10

2019-04-25T11:59:36+00:00 CRITICAL syntax error, unexpected '<', expecting end of file in /home/adlabfactory/public_html/e-markethub.com/quiz/woo/wp-content/plugins/optartprivate-woocommerce-one-page-shopping-670be81a6b9a/templates/frontpage/cart.php on line 10

2019-04-25T11:59:36+00:00 CRITICAL syntax error, unexpected '<', expecting end of file in /home/adlabfactory/public_html/e-markethub.com/quiz/woo/wp-content/plugins/optartprivate-woocommerce-one-page-shopping-670be81a6b9a/templates/frontpage/cart.php on line 10

2019-04-25T11:59:36+00:00 CRITICAL syntax error, unexpected '<', expecting end of file in /home/adlabfactory/public_html/e-markethub.com/quiz/woo/wp-content/plugins/optartprivate-woocommerce-one-page-shopping-670be81a6b9a/templates/frontpage/cart.php on line 10

2019-04-25T11:59:37+00:00 CRITICAL syntax error, unexpected '<', expecting end of file in /home/adlabfactory/public_html/e-markethub.com/quiz/woo/wp-content/plugins/optartprivate-woocommerce-one-page-shopping-670be81a6b9a/templates/frontpage/cart.php on line 10

2019-04-25T11:59:37+00:00 CRITICAL syntax error, unexpected '<', expecting end of file in /home/adlabfactory/public_html/e-markethub.com/quiz/woo/wp-content/plugins/optartprivate-woocommerce-one-page-shopping-670be81a6b9a/templates/frontpage/cart.php on line 10

2019-04-25T11:59:38+00:00 CRITICAL syntax error, unexpected '<', expecting end of file in /home/adlabfactory/public_html/e-markethub.com/quiz/woo/wp-content/plugins/optartprivate-woocommerce-one-page-shopping-670be81a6b9a/templates/frontpage/cart.php on line 10

2019-04-25T11:59:38+00:00 CRITICAL syntax error, unexpected '<', expecting end of file in /home/adlabfactory/public_html/e-markethub.com/quiz/woo/wp-content/plugins/optartprivate-woocommerce-one-page-shopping-670be81a6b9a/templates/frontpage/cart.php on line 10

2019-04-25T11:59:38+00:00 CRITICAL syntax error, unexpected '<', expecting end of file in /home/adlabfactory/public_html/e-markethub.com/quiz/woo/wp-content/plugins/optartprivate-woocommerce-one-page-shopping-670be81a6b9a/templates/frontpage/cart.php on line 10

2019-04-25T11:59:48+00:00 CRITICAL syntax error, unexpected '<', expecting end of file in /home/adlabfactory/public_html/e-markethub.com/quiz/woo/wp-content/plugins/optartprivate-woocommerce-one-page-shopping-670be81a6b9a/templates/frontpage/cart.php on line 10

2019-04-25T12:00:00+00:00 CRITICAL syntax error, unexpected '<', expecting end of file in /home/adlabfactory/public_html/e-markethub.com/quiz/woo/wp-content/plugins/optartprivate-woocommerce-one-page-shopping-670be81a6b9a/templates/frontpage/cart.php on line 10

2019-04-25T12:05:27+00:00 CRITICAL Uncaught Error: Call to undefined method WooCommerce::cart() in /home/adlabfactory/public_html/e-markethub.com/quiz/woo/wp-content/plugins/optartprivate-woocommerce-one-page-shopping-670be81a6b9a/templates/frontpage/cart.php:8
Stack trace:
#0 /home/adlabfactory/public_html/e-markethub.com/quiz/woo/wp-content/plugins/optartprivate-woocommerce-one-page-shopping-670be81a6b9a/templates/frontpage/add-cart.php(24): require()
#1 /home/adlabfactory/public_html/e-markethub.com/quiz/woo/wp-content/plugins/woocommerce/includes/wc-core-functions.php(211): include('/home/adlabfact...')
#2 /home/adlabfactory/public_html/e-markethub.com/quiz/woo/wp-content/plugins/optartprivate-woocommerce-one-page-shopping-670be81a6b9a/classes/wp-pages/abstract-class-common.php(37): wc_get_template('add-cart.php', Array, '', '/home/adlabfact...')
#3 /home/adlabfactory/public_html/e-markethub.com/quiz/woo/wp-content/plugins/optartprivate-woocommerce-one-page-shopping-670be81a6b9a/classes/wp-pages/class-frontpage.php(267): OptArt\Woocommerce in /home/adlabfactory/public_html/e-markethub.com/quiz/woo/wp-content/plugins/optartprivate-woocommerce-one-page-shopping-670be81a6b9a/templates/frontpage/cart.php on line 8

2019-04-25T12:05:27+00:00 CRITICAL Uncaught Error: Call to undefined method WooCommerce::cart() in /home/adlabfactory/public_html/e-markethub.com/quiz/woo/wp-content/plugins/optartprivate-woocommerce-one-page-shopping-670be81a6b9a/templates/frontpage/cart.php:8
Stack trace:
#0 /home/adlabfactory/public_html/e-markethub.com/quiz/woo/wp-content/plugins/optartprivate-woocommerce-one-page-shopping-670be81a6b9a/templates/frontpage/add-cart.php(24): require()
#1 /home/adlabfactory/public_html/e-markethub.com/quiz/woo/wp-content/plugins/woocommerce/includes/wc-core-functions.php(211): include('/home/adlabfact...')
#2 /home/adlabfactory/public_html/e-markethub.com/quiz/woo/wp-content/plugins/optartprivate-woocommerce-one-page-shopping-670be81a6b9a/classes/wp-pages/abstract-class-common.php(37): wc_get_template('add-cart.php', Array, '', '/home/adlabfact...')
#3 /home/adlabfactory/public_html/e-markethub.com/quiz/woo/wp-content/plugins/optartprivate-woocommerce-one-page-shopping-670be81a6b9a/classes/wp-pages/class-frontpage.php(267): OptArt\Woocommerce in /home/adlabfactory/public_html/e-markethub.com/quiz/woo/wp-content/plugins/optartprivate-woocommerce-one-page-shopping-670be81a6b9a/templates/frontpage/cart.php on line 8

2019-04-25T12:05:27+00:00 CRITICAL Uncaught Error: Call to undefined method WooCommerce::cart() in /home/adlabfactory/public_html/e-markethub.com/quiz/woo/wp-content/plugins/optartprivate-woocommerce-one-page-shopping-670be81a6b9a/templates/frontpage/cart.php:8
Stack trace:
#0 /home/adlabfactory/public_html/e-markethub.com/quiz/woo/wp-content/plugins/optartprivate-woocommerce-one-page-shopping-670be81a6b9a/templates/frontpage/add-cart.php(24): require()
#1 /home/adlabfactory/public_html/e-markethub.com/quiz/woo/wp-content/plugins/woocommerce/includes/wc-core-functions.php(211): include('/home/adlabfact...')
#2 /home/adlabfactory/public_html/e-markethub.com/quiz/woo/wp-content/plugins/optartprivate-woocommerce-one-page-shopping-670be81a6b9a/classes/wp-pages/abstract-class-common.php(37): wc_get_template('add-cart.php', Array, '', '/home/adlabfact...')
#3 /home/adlabfactory/public_html/e-markethub.com/quiz/woo/wp-content/plugins/optartprivate-woocommerce-one-page-shopping-670be81a6b9a/classes/wp-pages/class-frontpage.php(267): OptArt\Woocommerce in /home/adlabfactory/public_html/e-markethub.com/quiz/woo/wp-content/plugins/optartprivate-woocommerce-one-page-shopping-670be81a6b9a/templates/frontpage/cart.php on line 8

2019-04-25T12:05:29+00:00 CRITICAL Uncaught Error: Call to undefined method WooCommerce::cart() in /home/adlabfactory/public_html/e-markethub.com/quiz/woo/wp-content/plugins/optartprivate-woocommerce-one-page-shopping-670be81a6b9a/templates/frontpage/cart.php:8
Stack trace:
#0 /home/adlabfactory/public_html/e-markethub.com/quiz/woo/wp-content/plugins/optartprivate-woocommerce-one-page-shopping-670be81a6b9a/templates/frontpage/add-cart.php(24): require()
#1 /home/adlabfactory/public_html/e-markethub.com/quiz/woo/wp-content/plugins/woocommerce/includes/wc-core-functions.php(211): include('/home/adlabfact...')
#2 /home/adlabfactory/public_html/e-markethub.com/quiz/woo/wp-content/plugins/optartprivate-woocommerce-one-page-shopping-670be81a6b9a/classes/wp-pages/abstract-class-common.php(37): wc_get_template('add-cart.php', Array, '', '/home/adlabfact...')
#3 /home/adlabfactory/public_html/e-markethub.com/quiz/woo/wp-content/plugins/optartprivate-woocommerce-one-page-shopping-670be81a6b9a/classes/wp-pages/class-frontpage.php(267): OptArt\Woocommerce in /home/adlabfactory/public_html/e-markethub.com/quiz/woo/wp-content/plugins/optartprivate-woocommerce-one-page-shopping-670be81a6b9a/templates/frontpage/cart.php on line 8

2019-04-25T12:05:29+00:00 CRITICAL Uncaught Error: Call to undefined method WooCommerce::cart() in /home/adlabfactory/public_html/e-markethub.com/quiz/woo/wp-content/plugins/optartprivate-woocommerce-one-page-shopping-670be81a6b9a/templates/frontpage/cart.php:8
Stack trace:
#0 /home/adlabfactory/public_html/e-markethub.com/quiz/woo/wp-content/plugins/optartprivate-woocommerce-one-page-shopping-670be81a6b9a/templates/frontpage/add-cart.php(24): require()
#1 /home/adlabfactory/public_html/e-markethub.com/quiz/woo/wp-content/plugins/woocommerce/includes/wc-core-functions.php(211): include('/home/adlabfact...')
#2 /home/adlabfactory/public_html/e-markethub.com/quiz/woo/wp-content/plugins/optartprivate-woocommerce-one-page-shopping-670be81a6b9a/classes/wp-pages/abstract-class-common.php(37): wc_get_template('add-cart.php', Array, '', '/home/adlabfact...')
#3 /home/adlabfactory/public_html/e-markethub.com/quiz/woo/wp-content/plugins/optartprivate-woocommerce-one-page-shopping-670be81a6b9a/classes/wp-pages/class-frontpage.php(267): OptArt\Woocommerce in /home/adlabfactory/public_html/e-markethub.com/quiz/woo/wp-content/plugins/optartprivate-woocommerce-one-page-shopping-670be81a6b9a/templates/frontpage/cart.php on line 8

2019-04-25T12:05:29+00:00 CRITICAL Uncaught Error: Call to undefined method WooCommerce::cart() in /home/adlabfactory/public_html/e-markethub.com/quiz/woo/wp-content/plugins/optartprivate-woocommerce-one-page-shopping-670be81a6b9a/templates/frontpage/cart.php:8
Stack trace:
#0 /home/adlabfactory/public_html/e-markethub.com/quiz/woo/wp-content/plugins/optartprivate-woocommerce-one-page-shopping-670be81a6b9a/templates/frontpage/add-cart.php(24): require()
#1 /home/adlabfactory/public_html/e-markethub.com/quiz/woo/wp-content/plugins/woocommerce/includes/wc-core-functions.php(211): include('/home/adlabfact...')
#2 /home/adlabfactory/public_html/e-markethub.com/quiz/woo/wp-content/plugins/optartprivate-woocommerce-one-page-shopping-670be81a6b9a/classes/wp-pages/abstract-class-common.php(37): wc_get_template('add-cart.php', Array, '', '/home/adlabfact...')
#3 /home/adlabfactory/public_html/e-markethub.com/quiz/woo/wp-content/plugins/optartprivate-woocommerce-one-page-shopping-670be81a6b9a/classes/wp-pages/class-frontpage.php(267): OptArt\Woocommerce in /home/adlabfactory/public_html/e-markethub.com/quiz/woo/wp-content/plugins/optartprivate-woocommerce-one-page-shopping-670be81a6b9a/templates/frontpage/cart.php on line 8

2019-04-25T12:05:31+00:00 CRITICAL Uncaught Error: Call to undefined method WooCommerce::cart() in /home/adlabfactory/public_html/e-markethub.com/quiz/woo/wp-content/plugins/optartprivate-woocommerce-one-page-shopping-670be81a6b9a/templates/frontpage/cart.php:8
Stack trace:
#0 /home/adlabfactory/public_html/e-markethub.com/quiz/woo/wp-content/plugins/optartprivate-woocommerce-one-page-shopping-670be81a6b9a/templates/frontpage/add-cart.php(24): require()
#1 /home/adlabfactory/public_html/e-markethub.com/quiz/woo/wp-content/plugins/woocommerce/includes/wc-core-functions.php(211): include('/home/adlabfact...')
#2 /home/adlabfactory/public_html/e-markethub.com/quiz/woo/wp-content/plugins/optartprivate-woocommerce-one-page-shopping-670be81a6b9a/classes/wp-pages/abstract-class-common.php(37): wc_get_template('add-cart.php', Array, '', '/home/adlabfact...')
#3 /home/adlabfactory/public_html/e-markethub.com/quiz/woo/wp-content/plugins/optartprivate-woocommerce-one-page-shopping-670be81a6b9a/classes/wp-pages/class-frontpage.php(267): OptArt\Woocommerce in /home/adlabfactory/public_html/e-markethub.com/quiz/woo/wp-content/plugins/optartprivate-woocommerce-one-page-shopping-670be81a6b9a/templates/frontpage/cart.php on line 8

2019-04-25T12:05:31+00:00 CRITICAL Uncaught Error: Call to undefined method WooCommerce::cart() in /home/adlabfactory/public_html/e-markethub.com/quiz/woo/wp-content/plugins/optartprivate-woocommerce-one-page-shopping-670be81a6b9a/templates/frontpage/cart.php:8
Stack trace:
#0 /home/adlabfactory/public_html/e-markethub.com/quiz/woo/wp-content/plugins/optartprivate-woocommerce-one-page-shopping-670be81a6b9a/templates/frontpage/add-cart.php(24): require()
#1 /home/adlabfactory/public_html/e-markethub.com/quiz/woo/wp-content/plugins/woocommerce/includes/wc-core-functions.php(211): include('/home/adlabfact...')
#2 /home/adlabfactory/public_html/e-markethub.com/quiz/woo/wp-content/plugins/optartprivate-woocommerce-one-page-shopping-670be81a6b9a/classes/wp-pages/abstract-class-common.php(37): wc_get_template('add-cart.php', Array, '', '/home/adlabfact...')
#3 /home/adlabfactory/public_html/e-markethub.com/quiz/woo/wp-content/plugins/optartprivate-woocommerce-one-page-shopping-670be81a6b9a/classes/wp-pages/class-frontpage.php(267): OptArt\Woocommerce in /home/adlabfactory/public_html/e-markethub.com/quiz/woo/wp-content/plugins/optartprivate-woocommerce-one-page-shopping-670be81a6b9a/templates/frontpage/cart.php on line 8

2019-04-25T12:05:31+00:00 CRITICAL Uncaught Error: Call to undefined method WooCommerce::cart() in /home/adlabfactory/public_html/e-markethub.com/quiz/woo/wp-content/plugins/optartprivate-woocommerce-one-page-shopping-670be81a6b9a/templates/frontpage/cart.php:8
Stack trace:
#0 /home/adlabfactory/public_html/e-markethub.com/quiz/woo/wp-content/plugins/optartprivate-woocommerce-one-page-shopping-670be81a6b9a/templates/frontpage/add-cart.php(24): require()
#1 /home/adlabfactory/public_html/e-markethub.com/quiz/woo/wp-content/plugins/woocommerce/includes/wc-core-functions.php(211): include('/home/adlabfact...')
#2 /home/adlabfactory/public_html/e-markethub.com/quiz/woo/wp-content/plugins/optartprivate-woocommerce-one-page-shopping-670be81a6b9a/classes/wp-pages/abstract-class-common.php(37): wc_get_template('add-cart.php', Array, '', '/home/adlabfact...')
#3 /home/adlabfactory/public_html/e-markethub.com/quiz/woo/wp-content/plugins/optartprivate-woocommerce-one-page-shopping-670be81a6b9a/classes/wp-pages/class-frontpage.php(267): OptArt\Woocommerce in /home/adlabfactory/public_html/e-markethub.com/quiz/woo/wp-content/plugins/optartprivate-woocommerce-one-page-shopping-670be81a6b9a/templates/frontpage/cart.php on line 8

2019-04-25T12:05:31+00:00 CRITICAL Uncaught Error: Call to undefined method WooCommerce::cart() in /home/adlabfactory/public_html/e-markethub.com/quiz/woo/wp-content/plugins/optartprivate-woocommerce-one-page-shopping-670be81a6b9a/templates/frontpage/cart.php:8
Stack trace:
#0 /home/adlabfactory/public_html/e-markethub.com/quiz/woo/wp-content/plugins/optartprivate-woocommerce-one-page-shopping-670be81a6b9a/templates/frontpage/add-cart.php(24): require()
#1 /home/adlabfactory/public_html/e-markethub.com/quiz/woo/wp-content/plugins/woocommerce/includes/wc-core-functions.php(211): include('/home/adlabfact...')
#2 /home/adlabfactory/public_html/e-markethub.com/quiz/woo/wp-content/plugins/optartprivate-woocommerce-one-page-shopping-670be81a6b9a/classes/wp-pages/abstract-class-common.php(37): wc_get_template('add-cart.php', Array, '', '/home/adlabfact...')
#3 /home/adlabfactory/public_html/e-markethub.com/quiz/woo/wp-content/plugins/optartprivate-woocommerce-one-page-shopping-670be81a6b9a/classes/wp-pages/class-frontpage.php(267): OptArt\Woocommerce in /home/adlabfactory/public_html/e-markethub.com/quiz/woo/wp-content/plugins/optartprivate-woocommerce-one-page-shopping-670be81a6b9a/templates/frontpage/cart.php on line 8

2019-04-25T12:05:31+00:00 CRITICAL Uncaught Error: Call to undefined method WooCommerce::cart() in /home/adlabfactory/public_html/e-markethub.com/quiz/woo/wp-content/plugins/optartprivate-woocommerce-one-page-shopping-670be81a6b9a/templates/frontpage/cart.php:8
Stack trace:
#0 /home/adlabfactory/public_html/e-markethub.com/quiz/woo/wp-content/plugins/optartprivate-woocommerce-one-page-shopping-670be81a6b9a/templates/frontpage/add-cart.php(24): require()
#1 /home/adlabfactory/public_html/e-markethub.com/quiz/woo/wp-content/plugins/woocommerce/includes/wc-core-functions.php(211): include('/home/adlabfact...')
#2 /home/adlabfactory/public_html/e-markethub.com/quiz/woo/wp-content/plugins/optartprivate-woocommerce-one-page-shopping-670be81a6b9a/classes/wp-pages/abstract-class-common.php(37): wc_get_template('add-cart.php', Array, '', '/home/adlabfact...')
#3 /home/adlabfactory/public_html/e-markethub.com/quiz/woo/wp-content/plugins/optartprivate-woocommerce-one-page-shopping-670be81a6b9a/classes/wp-pages/class-frontpage.php(267): OptArt\Woocommerce in /home/adlabfactory/public_html/e-markethub.com/quiz/woo/wp-content/plugins/optartprivate-woocommerce-one-page-shopping-670be81a6b9a/templates/frontpage/cart.php on line 8

2019-04-25T12:05:32+00:00 CRITICAL Uncaught Error: Call to undefined method WooCommerce::cart() in /home/adlabfactory/public_html/e-markethub.com/quiz/woo/wp-content/plugins/optartprivate-woocommerce-one-page-shopping-670be81a6b9a/templates/frontpage/cart.php:8
Stack trace:
#0 /home/adlabfactory/public_html/e-markethub.com/quiz/woo/wp-content/plugins/optartprivate-woocommerce-one-page-shopping-670be81a6b9a/templates/frontpage/add-cart.php(24): require()
#1 /home/adlabfactory/public_html/e-markethub.com/quiz/woo/wp-content/plugins/woocommerce/includes/wc-core-functions.php(211): include('/home/adlabfact...')
#2 /home/adlabfactory/public_html/e-markethub.com/quiz/woo/wp-content/plugins/optartprivate-woocommerce-one-page-shopping-670be81a6b9a/classes/wp-pages/abstract-class-common.php(37): wc_get_template('add-cart.php', Array, '', '/home/adlabfact...')
#3 /home/adlabfactory/public_html/e-markethub.com/quiz/woo/wp-content/plugins/optartprivate-woocommerce-one-page-shopping-670be81a6b9a/classes/wp-pages/class-frontpage.php(267): OptArt\Woocommerce in /home/adlabfactory/public_html/e-markethub.com/quiz/woo/wp-content/plugins/optartprivate-woocommerce-one-page-shopping-670be81a6b9a/templates/frontpage/cart.php on line 8

2019-04-25T12:05:32+00:00 CRITICAL Uncaught Error: Call to undefined method WooCommerce::cart() in /home/adlabfactory/public_html/e-markethub.com/quiz/woo/wp-content/plugins/optartprivate-woocommerce-one-page-shopping-670be81a6b9a/templates/frontpage/cart.php:8
Stack trace:
#0 /home/adlabfactory/public_html/e-markethub.com/quiz/woo/wp-content/plugins/optartprivate-woocommerce-one-page-shopping-670be81a6b9a/templates/frontpage/add-cart.php(24): require()
#1 /home/adlabfactory/public_html/e-markethub.com/quiz/woo/wp-content/plugins/woocommerce/includes/wc-core-functions.php(211): include('/home/adlabfact...')
#2 /home/adlabfactory/public_html/e-markethub.com/quiz/woo/wp-content/plugins/optartprivate-woocommerce-one-page-shopping-670be81a6b9a/classes/wp-pages/abstract-class-common.php(37): wc_get_template('add-cart.php', Array, '', '/home/adlabfact...')
#3 /home/adlabfactory/public_html/e-markethub.com/quiz/woo/wp-content/plugins/optartprivate-woocommerce-one-page-shopping-670be81a6b9a/classes/wp-pages/class-frontpage.php(267): OptArt\Woocommerce in /home/adlabfactory/public_html/e-markethub.com/quiz/woo/wp-content/plugins/optartprivate-woocommerce-one-page-shopping-670be81a6b9a/templates/frontpage/cart.php on line 8

2019-04-25T12:05:33+00:00 CRITICAL Uncaught Error: Call to undefined method WooCommerce::cart() in /home/adlabfactory/public_html/e-markethub.com/quiz/woo/wp-content/plugins/optartprivate-woocommerce-one-page-shopping-670be81a6b9a/templates/frontpage/cart.php:8
Stack trace:
#0 /home/adlabfactory/public_html/e-markethub.com/quiz/woo/wp-content/plugins/optartprivate-woocommerce-one-page-shopping-670be81a6b9a/templates/frontpage/add-cart.php(24): require()
#1 /home/adlabfactory/public_html/e-markethub.com/quiz/woo/wp-content/plugins/woocommerce/includes/wc-core-functions.php(211): include('/home/adlabfact...')
#2 /home/adlabfactory/public_html/e-markethub.com/quiz/woo/wp-content/plugins/optartprivate-woocommerce-one-page-shopping-670be81a6b9a/classes/wp-pages/abstract-class-common.php(37): wc_get_template('add-cart.php', Array, '', '/home/adlabfact...')
#3 /home/adlabfactory/public_html/e-markethub.com/quiz/woo/wp-content/plugins/optartprivate-woocommerce-one-page-shopping-670be81a6b9a/classes/wp-pages/class-frontpage.php(267): OptArt\Woocommerce in /home/adlabfactory/public_html/e-markethub.com/quiz/woo/wp-content/plugins/optartprivate-woocommerce-one-page-shopping-670be81a6b9a/templates/frontpage/cart.php on line 8

2019-04-25T12:05:33+00:00 CRITICAL Uncaught Error: Call to undefined method WooCommerce::cart() in /home/adlabfactory/public_html/e-markethub.com/quiz/woo/wp-content/plugins/optartprivate-woocommerce-one-page-shopping-670be81a6b9a/templates/frontpage/cart.php:8
Stack trace:
#0 /home/adlabfactory/public_html/e-markethub.com/quiz/woo/wp-content/plugins/optartprivate-woocommerce-one-page-shopping-670be81a6b9a/templates/frontpage/add-cart.php(24): require()
#1 /home/adlabfactory/public_html/e-markethub.com/quiz/woo/wp-content/plugins/woocommerce/includes/wc-core-functions.php(211): include('/home/adlabfact...')
#2 /home/adlabfactory/public_html/e-markethub.com/quiz/woo/wp-content/plugins/optartprivate-woocommerce-one-page-shopping-670be81a6b9a/classes/wp-pages/abstract-class-common.php(37): wc_get_template('add-cart.php', Array, '', '/home/adlabfact...')
#3 /home/adlabfactory/public_html/e-markethub.com/quiz/woo/wp-content/plugins/optartprivate-woocommerce-one-page-shopping-670be81a6b9a/classes/wp-pages/class-frontpage.php(267): OptArt\Woocommerce in /home/adlabfactory/public_html/e-markethub.com/quiz/woo/wp-content/plugins/optartprivate-woocommerce-one-page-shopping-670be81a6b9a/templates/frontpage/cart.php on line 8

2019-04-25T12:06:01+00:00 CRITICAL Uncaught Error: Call to undefined method WooCommerce::cart() in /home/adlabfactory/public_html/e-markethub.com/quiz/woo/wp-content/plugins/optartprivate-woocommerce-one-page-shopping-670be81a6b9a/templates/frontpage/cart.php:8
Stack trace:
#0 /home/adlabfactory/public_html/e-markethub.com/quiz/woo/wp-content/plugins/optartprivate-woocommerce-one-page-shopping-670be81a6b9a/templates/frontpage/add-cart.php(24): require()
#1 /home/adlabfactory/public_html/e-markethub.com/quiz/woo/wp-content/plugins/woocommerce/includes/wc-core-functions.php(211): include('/home/adlabfact...')
#2 /home/adlabfactory/public_html/e-markethub.com/quiz/woo/wp-content/plugins/optartprivate-woocommerce-one-page-shopping-670be81a6b9a/classes/wp-pages/abstract-class-common.php(37): wc_get_template('add-cart.php', Array, '', '/home/adlabfact...')
#3 /home/adlabfactory/public_html/e-markethub.com/quiz/woo/wp-content/plugins/optartprivate-woocommerce-one-page-shopping-670be81a6b9a/classes/wp-pages/class-frontpage.php(267): OptArt\Woocommerce in /home/adlabfactory/public_html/e-markethub.com/quiz/woo/wp-content/plugins/optartprivate-woocommerce-one-page-shopping-670be81a6b9a/templates/frontpage/cart.php on line 8

