2019-04-22T12:50:17+00:00 CRITICAL Cannot redeclare wc_format_sale_price() (previously declared in /home/adlabfactory/public_html/e-markethub.com/quiz/woo/wp-content/plugins/woocommerce/includes/wc-formatting-functions.php:1190) in /home/adlabfactory/public_html/e-markethub.com/quiz/woo/wp-content/themes/storefront/functions.php on line 163

2019-04-22T12:50:18+00:00 CRITICAL Cannot redeclare wc_format_sale_price() (previously declared in /home/adlabfactory/public_html/e-markethub.com/quiz/woo/wp-content/plugins/woocommerce/includes/wc-formatting-functions.php:1190) in /home/adlabfactory/public_html/e-markethub.com/quiz/woo/wp-content/themes/storefront/functions.php on line 163

2019-04-22T12:50:19+00:00 CRITICAL Cannot redeclare wc_format_sale_price() (previously declared in /home/adlabfactory/public_html/e-markethub.com/quiz/woo/wp-content/plugins/woocommerce/includes/wc-formatting-functions.php:1190) in /home/adlabfactory/public_html/e-markethub.com/quiz/woo/wp-content/themes/storefront/functions.php on line 163

2019-04-22T12:50:38+00:00 CRITICAL Uncaught ArgumentCountError: Too few arguments to function wc_format_sale_price(), 1 passed in /home/adlabfactory/public_html/e-markethub.com/quiz/woo/wp-includes/class-wp-hook.php on line 286 and exactly 2 expected in /home/adlabfactory/public_html/e-markethub.com/quiz/woo/wp-content/plugins/woocommerce/includes/wc-formatting-functions.php:1190
Stack trace:
#0 /home/adlabfactory/public_html/e-markethub.com/quiz/woo/wp-includes/class-wp-hook.php(286): wc_format_sale_price('')
#1 /home/adlabfactory/public_html/e-markethub.com/quiz/woo/wp-includes/class-wp-hook.php(310): WP_Hook->apply_filters(NULL, Array)
#2 /home/adlabfactory/public_html/e-markethub.com/quiz/woo/wp-includes/plugin.php(465): WP_Hook->do_action(Array)
#3 /home/adlabfactory/public_html/e-markethub.com/quiz/woo/wp-content/themes/storefront/archive-product.php(122): do_action('woocommerce_aft...')
#4 /home/adlabfactory/public_html/e-markethub.com/quiz/woo/wp-includes/template-loader.php(77): include('/home/adlabfact...')
#5 /home/adlabfactory/publ in /home/adlabfactory/public_html/e-markethub.com/quiz/woo/wp-content/plugins/woocommerce/includes/wc-formatting-functions.php on line 1190

2019-04-22T13:24:12+00:00 CRITICAL Uncaught Error: Call to undefined function get_price_html() in /home/adlabfactory/public_html/e-markethub.com/quiz/woo/wp-content/themes/storefront/functions.php:115
Stack trace:
#0 /home/adlabfactory/public_html/e-markethub.com/quiz/woo/wp-includes/class-wp-hook.php(286): woocommerce_template_loop_save('')
#1 /home/adlabfactory/public_html/e-markethub.com/quiz/woo/wp-includes/class-wp-hook.php(310): WP_Hook->apply_filters(NULL, Array)
#2 /home/adlabfactory/public_html/e-markethub.com/quiz/woo/wp-includes/plugin.php(465): WP_Hook->do_action(Array)
#3 /home/adlabfactory/public_html/e-markethub.com/quiz/woo/wp-content/themes/storefront/archive-product.php(110): do_action('woocommerce_aft...')
#4 /home/adlabfactory/public_html/e-markethub.com/quiz/woo/wp-includes/template-loader.php(77): include('/home/adlabfact...')
#5 /home/adlabfactory/public_html/e-markethub.com/quiz/woo/wp-blog-header.php(19): require_once('/home/adlabfact...')
#6 /home/adlabfactory/public_html/e-markethub.com/quiz/woo/index.php(17): requir in /home/adlabfactory/public_html/e-markethub.com/quiz/woo/wp-content/themes/storefront/functions.php on line 115

2019-04-22T13:28:04+00:00 CRITICAL Uncaught ArgumentCountError: Too few arguments to function wc_format_sale_price(), 0 passed in /home/adlabfactory/public_html/e-markethub.com/quiz/woo/wp-content/themes/storefront/functions.php on line 115 and exactly 2 expected in /home/adlabfactory/public_html/e-markethub.com/quiz/woo/wp-content/plugins/woocommerce/includes/wc-formatting-functions.php:1190
Stack trace:
#0 /home/adlabfactory/public_html/e-markethub.com/quiz/woo/wp-content/themes/storefront/functions.php(115): wc_format_sale_price()
#1 /home/adlabfactory/public_html/e-markethub.com/quiz/woo/wp-includes/class-wp-hook.php(286): woocommerce_template_loop_save('')
#2 /home/adlabfactory/public_html/e-markethub.com/quiz/woo/wp-includes/class-wp-hook.php(310): WP_Hook->apply_filters(NULL, Array)
#3 /home/adlabfactory/public_html/e-markethub.com/quiz/woo/wp-includes/plugin.php(465): WP_Hook->do_action(Array)
#4 /home/adlabfactory/public_html/e-markethub.com/quiz/woo/wp-content/themes/storefront/archive-product.php(110): do_action('woocommerce_aft...' in /home/adlabfactory/public_html/e-markethub.com/quiz/woo/wp-content/plugins/woocommerce/includes/wc-formatting-functions.php on line 1190

2019-04-22T13:28:10+00:00 CRITICAL Uncaught ArgumentCountError: Too few arguments to function wc_format_sale_price(), 0 passed in /home/adlabfactory/public_html/e-markethub.com/quiz/woo/wp-content/themes/storefront/functions.php on line 115 and exactly 2 expected in /home/adlabfactory/public_html/e-markethub.com/quiz/woo/wp-content/plugins/woocommerce/includes/wc-formatting-functions.php:1190
Stack trace:
#0 /home/adlabfactory/public_html/e-markethub.com/quiz/woo/wp-content/themes/storefront/functions.php(115): wc_format_sale_price()
#1 /home/adlabfactory/public_html/e-markethub.com/quiz/woo/wp-includes/class-wp-hook.php(286): woocommerce_template_loop_save('')
#2 /home/adlabfactory/public_html/e-markethub.com/quiz/woo/wp-includes/class-wp-hook.php(310): WP_Hook->apply_filters(NULL, Array)
#3 /home/adlabfactory/public_html/e-markethub.com/quiz/woo/wp-includes/plugin.php(465): WP_Hook->do_action(Array)
#4 /home/adlabfactory/public_html/e-markethub.com/quiz/woo/wp-content/themes/storefront/archive-product.php(110): do_action('woocommerce_aft...' in /home/adlabfactory/public_html/e-markethub.com/quiz/woo/wp-content/plugins/woocommerce/includes/wc-formatting-functions.php on line 1190

2019-04-22T13:28:21+00:00 CRITICAL Uncaught ArgumentCountError: Too few arguments to function wc_format_sale_price(), 0 passed in /home/adlabfactory/public_html/e-markethub.com/quiz/woo/wp-content/themes/storefront/functions.php on line 115 and exactly 2 expected in /home/adlabfactory/public_html/e-markethub.com/quiz/woo/wp-content/plugins/woocommerce/includes/wc-formatting-functions.php:1190
Stack trace:
#0 /home/adlabfactory/public_html/e-markethub.com/quiz/woo/wp-content/themes/storefront/functions.php(115): wc_format_sale_price()
#1 /home/adlabfactory/public_html/e-markethub.com/quiz/woo/wp-includes/class-wp-hook.php(286): woocommerce_template_loop_save('')
#2 /home/adlabfactory/public_html/e-markethub.com/quiz/woo/wp-includes/class-wp-hook.php(310): WP_Hook->apply_filters(NULL, Array)
#3 /home/adlabfactory/public_html/e-markethub.com/quiz/woo/wp-includes/plugin.php(465): WP_Hook->do_action(Array)
#4 /home/adlabfactory/public_html/e-markethub.com/quiz/woo/wp-content/themes/storefront/archive-product.php(110): do_action('woocommerce_aft...' in /home/adlabfactory/public_html/e-markethub.com/quiz/woo/wp-content/plugins/woocommerce/includes/wc-formatting-functions.php on line 1190

2019-04-22T13:28:22+00:00 CRITICAL Uncaught ArgumentCountError: Too few arguments to function wc_format_sale_price(), 0 passed in /home/adlabfactory/public_html/e-markethub.com/quiz/woo/wp-content/themes/storefront/functions.php on line 115 and exactly 2 expected in /home/adlabfactory/public_html/e-markethub.com/quiz/woo/wp-content/plugins/woocommerce/includes/wc-formatting-functions.php:1190
Stack trace:
#0 /home/adlabfactory/public_html/e-markethub.com/quiz/woo/wp-content/themes/storefront/functions.php(115): wc_format_sale_price()
#1 /home/adlabfactory/public_html/e-markethub.com/quiz/woo/wp-includes/class-wp-hook.php(286): woocommerce_template_loop_save('')
#2 /home/adlabfactory/public_html/e-markethub.com/quiz/woo/wp-includes/class-wp-hook.php(310): WP_Hook->apply_filters(NULL, Array)
#3 /home/adlabfactory/public_html/e-markethub.com/quiz/woo/wp-includes/plugin.php(465): WP_Hook->do_action(Array)
#4 /home/adlabfactory/public_html/e-markethub.com/quiz/woo/wp-content/themes/storefront/archive-product.php(110): do_action('woocommerce_aft...' in /home/adlabfactory/public_html/e-markethub.com/quiz/woo/wp-content/plugins/woocommerce/includes/wc-formatting-functions.php on line 1190

2019-04-22T13:28:30+00:00 CRITICAL Uncaught ArgumentCountError: Too few arguments to function wc_format_sale_price(), 0 passed in /home/adlabfactory/public_html/e-markethub.com/quiz/woo/wp-content/themes/storefront/functions.php on line 115 and exactly 2 expected in /home/adlabfactory/public_html/e-markethub.com/quiz/woo/wp-content/plugins/woocommerce/includes/wc-formatting-functions.php:1190
Stack trace:
#0 /home/adlabfactory/public_html/e-markethub.com/quiz/woo/wp-content/themes/storefront/functions.php(115): wc_format_sale_price()
#1 /home/adlabfactory/public_html/e-markethub.com/quiz/woo/wp-includes/class-wp-hook.php(286): woocommerce_template_loop_save('')
#2 /home/adlabfactory/public_html/e-markethub.com/quiz/woo/wp-includes/class-wp-hook.php(310): WP_Hook->apply_filters(NULL, Array)
#3 /home/adlabfactory/public_html/e-markethub.com/quiz/woo/wp-includes/plugin.php(465): WP_Hook->do_action(Array)
#4 /home/adlabfactory/public_html/e-markethub.com/quiz/woo/wp-content/themes/storefront/archive-product.php(110): do_action('woocommerce_aft...' in /home/adlabfactory/public_html/e-markethub.com/quiz/woo/wp-content/plugins/woocommerce/includes/wc-formatting-functions.php on line 1190

2019-04-22T13:28:33+00:00 CRITICAL Uncaught ArgumentCountError: Too few arguments to function wc_format_sale_price(), 0 passed in /home/adlabfactory/public_html/e-markethub.com/quiz/woo/wp-content/themes/storefront/functions.php on line 115 and exactly 2 expected in /home/adlabfactory/public_html/e-markethub.com/quiz/woo/wp-content/plugins/woocommerce/includes/wc-formatting-functions.php:1190
Stack trace:
#0 /home/adlabfactory/public_html/e-markethub.com/quiz/woo/wp-content/themes/storefront/functions.php(115): wc_format_sale_price()
#1 /home/adlabfactory/public_html/e-markethub.com/quiz/woo/wp-includes/class-wp-hook.php(286): woocommerce_template_loop_save('')
#2 /home/adlabfactory/public_html/e-markethub.com/quiz/woo/wp-includes/class-wp-hook.php(310): WP_Hook->apply_filters(NULL, Array)
#3 /home/adlabfactory/public_html/e-markethub.com/quiz/woo/wp-includes/plugin.php(465): WP_Hook->do_action(Array)
#4 /home/adlabfactory/public_html/e-markethub.com/quiz/woo/wp-content/themes/storefront/archive-product.php(110): do_action('woocommerce_aft...' in /home/adlabfactory/public_html/e-markethub.com/quiz/woo/wp-content/plugins/woocommerce/includes/wc-formatting-functions.php on line 1190

