2019-04-23T10:14:36+00:00 CRITICAL syntax error, unexpected 'echo' (T_ECHO) in /home/adlabfactory/public_html/e-markethub.com/quiz/woo/wp-content/themes/storefront/header.php on line 21

2019-04-23T10:14:40+00:00 CRITICAL syntax error, unexpected 'echo' (T_ECHO) in /home/adlabfactory/public_html/e-markethub.com/quiz/woo/wp-content/themes/storefront/header.php on line 21

2019-04-23T10:14:43+00:00 CRITICAL syntax error, unexpected 'echo' (T_ECHO) in /home/adlabfactory/public_html/e-markethub.com/quiz/woo/wp-content/themes/storefront/header.php on line 21

2019-04-23T11:07:05+00:00 CRITICAL Uncaught Error: Class 'WC_Email_Failed_Order' not found in /home/adlabfactory/public_html/e-markethub.com/quiz/woo/wp-content/themes/storefront/functions.php:143
Stack trace:
#0 /home/adlabfactory/public_html/e-markethub.com/quiz/woo/wp-includes/class-wp-hook.php(286): my_redirect('')
#1 /home/adlabfactory/public_html/e-markethub.com/quiz/woo/wp-includes/class-wp-hook.php(310): WP_Hook->apply_filters(NULL, Array)
#2 /home/adlabfactory/public_html/e-markethub.com/quiz/woo/wp-includes/plugin.php(465): WP_Hook->do_action(Array)
#3 /home/adlabfactory/public_html/e-markethub.com/quiz/woo/wp-includes/template-loader.php(13): do_action('template_redire...')
#4 /home/adlabfactory/public_html/e-markethub.com/quiz/woo/wp-blog-header.php(19): require_once('/home/adlabfact...')
#5 /home/adlabfactory/public_html/e-markethub.com/quiz/woo/index.php(17): require('/home/adlabfact...')
#6 {main}
  thrown in /home/adlabfactory/public_html/e-markethub.com/quiz/woo/wp-content/themes/storefront/functions.php on line 143

2019-04-23T11:07:42+00:00 CRITICAL Uncaught Error: Class 'WC_Email_Failed_Order' not found in /home/adlabfactory/public_html/e-markethub.com/quiz/woo/wp-content/themes/storefront/functions.php:144
Stack trace:
#0 /home/adlabfactory/public_html/e-markethub.com/quiz/woo/wp-includes/class-wp-hook.php(286): my_redirect('')
#1 /home/adlabfactory/public_html/e-markethub.com/quiz/woo/wp-includes/class-wp-hook.php(310): WP_Hook->apply_filters(NULL, Array)
#2 /home/adlabfactory/public_html/e-markethub.com/quiz/woo/wp-includes/plugin.php(465): WP_Hook->do_action(Array)
#3 /home/adlabfactory/public_html/e-markethub.com/quiz/woo/wp-includes/template-loader.php(13): do_action('template_redire...')
#4 /home/adlabfactory/public_html/e-markethub.com/quiz/woo/wp-blog-header.php(19): require_once('/home/adlabfact...')
#5 /home/adlabfactory/public_html/e-markethub.com/quiz/woo/index.php(17): require('/home/adlabfact...')
#6 {main}
  thrown in /home/adlabfactory/public_html/e-markethub.com/quiz/woo/wp-content/themes/storefront/functions.php on line 144

2019-04-23T11:10:46+00:00 CRITICAL Uncaught Error: Class 'WC_Email_Failed_Order' not found in /home/adlabfactory/public_html/e-markethub.com/quiz/woo/wp-content/themes/storefront/functions.php:144
Stack trace:
#0 /home/adlabfactory/public_html/e-markethub.com/quiz/woo/wp-includes/class-wp-hook.php(286): my_redirect('')
#1 /home/adlabfactory/public_html/e-markethub.com/quiz/woo/wp-includes/class-wp-hook.php(310): WP_Hook->apply_filters(NULL, Array)
#2 /home/adlabfactory/public_html/e-markethub.com/quiz/woo/wp-includes/plugin.php(465): WP_Hook->do_action(Array)
#3 /home/adlabfactory/public_html/e-markethub.com/quiz/woo/wp-includes/template-loader.php(13): do_action('template_redire...')
#4 /home/adlabfactory/public_html/e-markethub.com/quiz/woo/wp-blog-header.php(19): require_once('/home/adlabfact...')
#5 /home/adlabfactory/public_html/e-markethub.com/quiz/woo/index.php(17): require('/home/adlabfact...')
#6 {main}
  thrown in /home/adlabfactory/public_html/e-markethub.com/quiz/woo/wp-content/themes/storefront/functions.php on line 144

2019-04-23T11:10:51+00:00 CRITICAL Uncaught Error: Class 'WC_Email_Failed_Order' not found in /home/adlabfactory/public_html/e-markethub.com/quiz/woo/wp-content/themes/storefront/functions.php:144
Stack trace:
#0 /home/adlabfactory/public_html/e-markethub.com/quiz/woo/wp-includes/class-wp-hook.php(286): my_redirect('')
#1 /home/adlabfactory/public_html/e-markethub.com/quiz/woo/wp-includes/class-wp-hook.php(310): WP_Hook->apply_filters(NULL, Array)
#2 /home/adlabfactory/public_html/e-markethub.com/quiz/woo/wp-includes/plugin.php(465): WP_Hook->do_action(Array)
#3 /home/adlabfactory/public_html/e-markethub.com/quiz/woo/wp-includes/template-loader.php(13): do_action('template_redire...')
#4 /home/adlabfactory/public_html/e-markethub.com/quiz/woo/wp-blog-header.php(19): require_once('/home/adlabfact...')
#5 /home/adlabfactory/public_html/e-markethub.com/quiz/woo/index.php(17): require('/home/adlabfact...')
#6 {main}
  thrown in /home/adlabfactory/public_html/e-markethub.com/quiz/woo/wp-content/themes/storefront/functions.php on line 144

2019-04-23T11:10:55+00:00 CRITICAL Uncaught Error: Class 'WC_Email_Failed_Order' not found in /home/adlabfactory/public_html/e-markethub.com/quiz/woo/wp-content/themes/storefront/functions.php:144
Stack trace:
#0 /home/adlabfactory/public_html/e-markethub.com/quiz/woo/wp-includes/class-wp-hook.php(286): my_redirect('')
#1 /home/adlabfactory/public_html/e-markethub.com/quiz/woo/wp-includes/class-wp-hook.php(310): WP_Hook->apply_filters(NULL, Array)
#2 /home/adlabfactory/public_html/e-markethub.com/quiz/woo/wp-includes/plugin.php(465): WP_Hook->do_action(Array)
#3 /home/adlabfactory/public_html/e-markethub.com/quiz/woo/wp-includes/template-loader.php(13): do_action('template_redire...')
#4 /home/adlabfactory/public_html/e-markethub.com/quiz/woo/wp-blog-header.php(19): require_once('/home/adlabfact...')
#5 /home/adlabfactory/public_html/e-markethub.com/quiz/woo/index.php(17): require('/home/adlabfact...')
#6 {main}
  thrown in /home/adlabfactory/public_html/e-markethub.com/quiz/woo/wp-content/themes/storefront/functions.php on line 144

2019-04-23T11:11:21+00:00 CRITICAL Uncaught Error: Class 'WC_Email_Failed_Order' not found in /home/adlabfactory/public_html/e-markethub.com/quiz/woo/wp-content/themes/storefront/functions.php:144
Stack trace:
#0 /home/adlabfactory/public_html/e-markethub.com/quiz/woo/wp-includes/class-wp-hook.php(286): my_redirect('')
#1 /home/adlabfactory/public_html/e-markethub.com/quiz/woo/wp-includes/class-wp-hook.php(310): WP_Hook->apply_filters(NULL, Array)
#2 /home/adlabfactory/public_html/e-markethub.com/quiz/woo/wp-includes/plugin.php(465): WP_Hook->do_action(Array)
#3 /home/adlabfactory/public_html/e-markethub.com/quiz/woo/wp-includes/template-loader.php(13): do_action('template_redire...')
#4 /home/adlabfactory/public_html/e-markethub.com/quiz/woo/wp-blog-header.php(19): require_once('/home/adlabfact...')
#5 /home/adlabfactory/public_html/e-markethub.com/quiz/woo/index.php(17): require('/home/adlabfact...')
#6 {main}
  thrown in /home/adlabfactory/public_html/e-markethub.com/quiz/woo/wp-content/themes/storefront/functions.php on line 144

2019-04-23T11:16:40+00:00 CRITICAL Uncaught ArgumentCountError: Too few arguments to function is_wp_error(), 0 passed in /home/adlabfactory/public_html/e-markethub.com/quiz/woo/wp-content/themes/storefront/functions.php on line 149 and exactly 1 expected in /home/adlabfactory/public_html/e-markethub.com/quiz/woo/wp-includes/load.php:1241
Stack trace:
#0 /home/adlabfactory/public_html/e-markethub.com/quiz/woo/wp-content/themes/storefront/functions.php(149): is_wp_error()
#1 /home/adlabfactory/public_html/e-markethub.com/quiz/woo/wp-includes/class-wp-hook.php(286): my_redirect('')
#2 /home/adlabfactory/public_html/e-markethub.com/quiz/woo/wp-includes/class-wp-hook.php(310): WP_Hook->apply_filters(NULL, Array)
#3 /home/adlabfactory/public_html/e-markethub.com/quiz/woo/wp-includes/plugin.php(465): WP_Hook->do_action(Array)
#4 /home/adlabfactory/public_html/e-markethub.com/quiz/woo/wp-includes/template-loader.php(13): do_action('template_redire...')
#5 /home/adlabfactory/public_html/e-markethub.com/quiz/woo/wp-blog-header.php(19): require_once('/ho in /home/adlabfactory/public_html/e-markethub.com/quiz/woo/wp-includes/load.php on line 1241

2019-04-23T11:16:42+00:00 CRITICAL Uncaught ArgumentCountError: Too few arguments to function is_wp_error(), 0 passed in /home/adlabfactory/public_html/e-markethub.com/quiz/woo/wp-content/themes/storefront/functions.php on line 149 and exactly 1 expected in /home/adlabfactory/public_html/e-markethub.com/quiz/woo/wp-includes/load.php:1241
Stack trace:
#0 /home/adlabfactory/public_html/e-markethub.com/quiz/woo/wp-content/themes/storefront/functions.php(149): is_wp_error()
#1 /home/adlabfactory/public_html/e-markethub.com/quiz/woo/wp-includes/class-wp-hook.php(286): my_redirect('')
#2 /home/adlabfactory/public_html/e-markethub.com/quiz/woo/wp-includes/class-wp-hook.php(310): WP_Hook->apply_filters(NULL, Array)
#3 /home/adlabfactory/public_html/e-markethub.com/quiz/woo/wp-includes/plugin.php(465): WP_Hook->do_action(Array)
#4 /home/adlabfactory/public_html/e-markethub.com/quiz/woo/wp-includes/template-loader.php(13): do_action('template_redire...')
#5 /home/adlabfactory/public_html/e-markethub.com/quiz/woo/wp-blog-header.php(19): require_once('/ho in /home/adlabfactory/public_html/e-markethub.com/quiz/woo/wp-includes/load.php on line 1241

2019-04-23T11:16:42+00:00 CRITICAL Uncaught ArgumentCountError: Too few arguments to function is_wp_error(), 0 passed in /home/adlabfactory/public_html/e-markethub.com/quiz/woo/wp-content/themes/storefront/functions.php on line 149 and exactly 1 expected in /home/adlabfactory/public_html/e-markethub.com/quiz/woo/wp-includes/load.php:1241
Stack trace:
#0 /home/adlabfactory/public_html/e-markethub.com/quiz/woo/wp-content/themes/storefront/functions.php(149): is_wp_error()
#1 /home/adlabfactory/public_html/e-markethub.com/quiz/woo/wp-includes/class-wp-hook.php(286): my_redirect('')
#2 /home/adlabfactory/public_html/e-markethub.com/quiz/woo/wp-includes/class-wp-hook.php(310): WP_Hook->apply_filters(NULL, Array)
#3 /home/adlabfactory/public_html/e-markethub.com/quiz/woo/wp-includes/plugin.php(465): WP_Hook->do_action(Array)
#4 /home/adlabfactory/public_html/e-markethub.com/quiz/woo/wp-includes/template-loader.php(13): do_action('template_redire...')
#5 /home/adlabfactory/public_html/e-markethub.com/quiz/woo/wp-blog-header.php(19): require_once('/ho in /home/adlabfactory/public_html/e-markethub.com/quiz/woo/wp-includes/load.php on line 1241

2019-04-23T11:16:44+00:00 CRITICAL Uncaught ArgumentCountError: Too few arguments to function is_wp_error(), 0 passed in /home/adlabfactory/public_html/e-markethub.com/quiz/woo/wp-content/themes/storefront/functions.php on line 149 and exactly 1 expected in /home/adlabfactory/public_html/e-markethub.com/quiz/woo/wp-includes/load.php:1241
Stack trace:
#0 /home/adlabfactory/public_html/e-markethub.com/quiz/woo/wp-content/themes/storefront/functions.php(149): is_wp_error()
#1 /home/adlabfactory/public_html/e-markethub.com/quiz/woo/wp-includes/class-wp-hook.php(286): my_redirect('')
#2 /home/adlabfactory/public_html/e-markethub.com/quiz/woo/wp-includes/class-wp-hook.php(310): WP_Hook->apply_filters(NULL, Array)
#3 /home/adlabfactory/public_html/e-markethub.com/quiz/woo/wp-includes/plugin.php(465): WP_Hook->do_action(Array)
#4 /home/adlabfactory/public_html/e-markethub.com/quiz/woo/wp-includes/template-loader.php(13): do_action('template_redire...')
#5 /home/adlabfactory/public_html/e-markethub.com/quiz/woo/wp-blog-header.php(19): require_once('/ho in /home/adlabfactory/public_html/e-markethub.com/quiz/woo/wp-includes/load.php on line 1241

2019-04-23T11:16:44+00:00 CRITICAL Uncaught ArgumentCountError: Too few arguments to function is_wp_error(), 0 passed in /home/adlabfactory/public_html/e-markethub.com/quiz/woo/wp-content/themes/storefront/functions.php on line 149 and exactly 1 expected in /home/adlabfactory/public_html/e-markethub.com/quiz/woo/wp-includes/load.php:1241
Stack trace:
#0 /home/adlabfactory/public_html/e-markethub.com/quiz/woo/wp-content/themes/storefront/functions.php(149): is_wp_error()
#1 /home/adlabfactory/public_html/e-markethub.com/quiz/woo/wp-includes/class-wp-hook.php(286): my_redirect('')
#2 /home/adlabfactory/public_html/e-markethub.com/quiz/woo/wp-includes/class-wp-hook.php(310): WP_Hook->apply_filters(NULL, Array)
#3 /home/adlabfactory/public_html/e-markethub.com/quiz/woo/wp-includes/plugin.php(465): WP_Hook->do_action(Array)
#4 /home/adlabfactory/public_html/e-markethub.com/quiz/woo/wp-includes/template-loader.php(13): do_action('template_redire...')
#5 /home/adlabfactory/public_html/e-markethub.com/quiz/woo/wp-blog-header.php(19): require_once('/ho in /home/adlabfactory/public_html/e-markethub.com/quiz/woo/wp-includes/load.php on line 1241

2019-04-23T11:16:45+00:00 CRITICAL Uncaught ArgumentCountError: Too few arguments to function is_wp_error(), 0 passed in /home/adlabfactory/public_html/e-markethub.com/quiz/woo/wp-content/themes/storefront/functions.php on line 149 and exactly 1 expected in /home/adlabfactory/public_html/e-markethub.com/quiz/woo/wp-includes/load.php:1241
Stack trace:
#0 /home/adlabfactory/public_html/e-markethub.com/quiz/woo/wp-content/themes/storefront/functions.php(149): is_wp_error()
#1 /home/adlabfactory/public_html/e-markethub.com/quiz/woo/wp-includes/class-wp-hook.php(286): my_redirect('')
#2 /home/adlabfactory/public_html/e-markethub.com/quiz/woo/wp-includes/class-wp-hook.php(310): WP_Hook->apply_filters(NULL, Array)
#3 /home/adlabfactory/public_html/e-markethub.com/quiz/woo/wp-includes/plugin.php(465): WP_Hook->do_action(Array)
#4 /home/adlabfactory/public_html/e-markethub.com/quiz/woo/wp-includes/template-loader.php(13): do_action('template_redire...')
#5 /home/adlabfactory/public_html/e-markethub.com/quiz/woo/wp-blog-header.php(19): require_once('/ho in /home/adlabfactory/public_html/e-markethub.com/quiz/woo/wp-includes/load.php on line 1241

2019-04-23T11:16:45+00:00 CRITICAL Uncaught ArgumentCountError: Too few arguments to function is_wp_error(), 0 passed in /home/adlabfactory/public_html/e-markethub.com/quiz/woo/wp-content/themes/storefront/functions.php on line 149 and exactly 1 expected in /home/adlabfactory/public_html/e-markethub.com/quiz/woo/wp-includes/load.php:1241
Stack trace:
#0 /home/adlabfactory/public_html/e-markethub.com/quiz/woo/wp-content/themes/storefront/functions.php(149): is_wp_error()
#1 /home/adlabfactory/public_html/e-markethub.com/quiz/woo/wp-includes/class-wp-hook.php(286): my_redirect('')
#2 /home/adlabfactory/public_html/e-markethub.com/quiz/woo/wp-includes/class-wp-hook.php(310): WP_Hook->apply_filters(NULL, Array)
#3 /home/adlabfactory/public_html/e-markethub.com/quiz/woo/wp-includes/plugin.php(465): WP_Hook->do_action(Array)
#4 /home/adlabfactory/public_html/e-markethub.com/quiz/woo/wp-includes/template-loader.php(13): do_action('template_redire...')
#5 /home/adlabfactory/public_html/e-markethub.com/quiz/woo/wp-blog-header.php(19): require_once('/ho in /home/adlabfactory/public_html/e-markethub.com/quiz/woo/wp-includes/load.php on line 1241

2019-04-23T11:16:45+00:00 CRITICAL Uncaught ArgumentCountError: Too few arguments to function is_wp_error(), 0 passed in /home/adlabfactory/public_html/e-markethub.com/quiz/woo/wp-content/themes/storefront/functions.php on line 149 and exactly 1 expected in /home/adlabfactory/public_html/e-markethub.com/quiz/woo/wp-includes/load.php:1241
Stack trace:
#0 /home/adlabfactory/public_html/e-markethub.com/quiz/woo/wp-content/themes/storefront/functions.php(149): is_wp_error()
#1 /home/adlabfactory/public_html/e-markethub.com/quiz/woo/wp-includes/class-wp-hook.php(286): my_redirect('')
#2 /home/adlabfactory/public_html/e-markethub.com/quiz/woo/wp-includes/class-wp-hook.php(310): WP_Hook->apply_filters(NULL, Array)
#3 /home/adlabfactory/public_html/e-markethub.com/quiz/woo/wp-includes/plugin.php(465): WP_Hook->do_action(Array)
#4 /home/adlabfactory/public_html/e-markethub.com/quiz/woo/wp-includes/template-loader.php(13): do_action('template_redire...')
#5 /home/adlabfactory/public_html/e-markethub.com/quiz/woo/wp-blog-header.php(19): require_once('/ho in /home/adlabfactory/public_html/e-markethub.com/quiz/woo/wp-includes/load.php on line 1241

2019-04-23T11:16:45+00:00 CRITICAL Uncaught ArgumentCountError: Too few arguments to function is_wp_error(), 0 passed in /home/adlabfactory/public_html/e-markethub.com/quiz/woo/wp-content/themes/storefront/functions.php on line 149 and exactly 1 expected in /home/adlabfactory/public_html/e-markethub.com/quiz/woo/wp-includes/load.php:1241
Stack trace:
#0 /home/adlabfactory/public_html/e-markethub.com/quiz/woo/wp-content/themes/storefront/functions.php(149): is_wp_error()
#1 /home/adlabfactory/public_html/e-markethub.com/quiz/woo/wp-includes/class-wp-hook.php(286): my_redirect('')
#2 /home/adlabfactory/public_html/e-markethub.com/quiz/woo/wp-includes/class-wp-hook.php(310): WP_Hook->apply_filters(NULL, Array)
#3 /home/adlabfactory/public_html/e-markethub.com/quiz/woo/wp-includes/plugin.php(465): WP_Hook->do_action(Array)
#4 /home/adlabfactory/public_html/e-markethub.com/quiz/woo/wp-includes/template-loader.php(13): do_action('template_redire...')
#5 /home/adlabfactory/public_html/e-markethub.com/quiz/woo/wp-blog-header.php(19): require_once('/ho in /home/adlabfactory/public_html/e-markethub.com/quiz/woo/wp-includes/load.php on line 1241

2019-04-23T11:16:45+00:00 CRITICAL Uncaught ArgumentCountError: Too few arguments to function is_wp_error(), 0 passed in /home/adlabfactory/public_html/e-markethub.com/quiz/woo/wp-content/themes/storefront/functions.php on line 149 and exactly 1 expected in /home/adlabfactory/public_html/e-markethub.com/quiz/woo/wp-includes/load.php:1241
Stack trace:
#0 /home/adlabfactory/public_html/e-markethub.com/quiz/woo/wp-content/themes/storefront/functions.php(149): is_wp_error()
#1 /home/adlabfactory/public_html/e-markethub.com/quiz/woo/wp-includes/class-wp-hook.php(286): my_redirect('')
#2 /home/adlabfactory/public_html/e-markethub.com/quiz/woo/wp-includes/class-wp-hook.php(310): WP_Hook->apply_filters(NULL, Array)
#3 /home/adlabfactory/public_html/e-markethub.com/quiz/woo/wp-includes/plugin.php(465): WP_Hook->do_action(Array)
#4 /home/adlabfactory/public_html/e-markethub.com/quiz/woo/wp-includes/template-loader.php(13): do_action('template_redire...')
#5 /home/adlabfactory/public_html/e-markethub.com/quiz/woo/wp-blog-header.php(19): require_once('/ho in /home/adlabfactory/public_html/e-markethub.com/quiz/woo/wp-includes/load.php on line 1241

2019-04-23T11:16:46+00:00 CRITICAL Uncaught ArgumentCountError: Too few arguments to function is_wp_error(), 0 passed in /home/adlabfactory/public_html/e-markethub.com/quiz/woo/wp-content/themes/storefront/functions.php on line 149 and exactly 1 expected in /home/adlabfactory/public_html/e-markethub.com/quiz/woo/wp-includes/load.php:1241
Stack trace:
#0 /home/adlabfactory/public_html/e-markethub.com/quiz/woo/wp-content/themes/storefront/functions.php(149): is_wp_error()
#1 /home/adlabfactory/public_html/e-markethub.com/quiz/woo/wp-includes/class-wp-hook.php(286): my_redirect('')
#2 /home/adlabfactory/public_html/e-markethub.com/quiz/woo/wp-includes/class-wp-hook.php(310): WP_Hook->apply_filters(NULL, Array)
#3 /home/adlabfactory/public_html/e-markethub.com/quiz/woo/wp-includes/plugin.php(465): WP_Hook->do_action(Array)
#4 /home/adlabfactory/public_html/e-markethub.com/quiz/woo/wp-includes/template-loader.php(13): do_action('template_redire...')
#5 /home/adlabfactory/public_html/e-markethub.com/quiz/woo/wp-blog-header.php(19): require_once('/ho in /home/adlabfactory/public_html/e-markethub.com/quiz/woo/wp-includes/load.php on line 1241

2019-04-23T11:16:48+00:00 CRITICAL Uncaught ArgumentCountError: Too few arguments to function is_wp_error(), 0 passed in /home/adlabfactory/public_html/e-markethub.com/quiz/woo/wp-content/themes/storefront/functions.php on line 149 and exactly 1 expected in /home/adlabfactory/public_html/e-markethub.com/quiz/woo/wp-includes/load.php:1241
Stack trace:
#0 /home/adlabfactory/public_html/e-markethub.com/quiz/woo/wp-content/themes/storefront/functions.php(149): is_wp_error()
#1 /home/adlabfactory/public_html/e-markethub.com/quiz/woo/wp-includes/class-wp-hook.php(286): my_redirect('')
#2 /home/adlabfactory/public_html/e-markethub.com/quiz/woo/wp-includes/class-wp-hook.php(310): WP_Hook->apply_filters(NULL, Array)
#3 /home/adlabfactory/public_html/e-markethub.com/quiz/woo/wp-includes/plugin.php(465): WP_Hook->do_action(Array)
#4 /home/adlabfactory/public_html/e-markethub.com/quiz/woo/wp-includes/template-loader.php(13): do_action('template_redire...')
#5 /home/adlabfactory/public_html/e-markethub.com/quiz/woo/wp-blog-header.php(19): require_once('/ho in /home/adlabfactory/public_html/e-markethub.com/quiz/woo/wp-includes/load.php on line 1241

2019-04-23T11:16:52+00:00 CRITICAL Uncaught ArgumentCountError: Too few arguments to function is_wp_error(), 0 passed in /home/adlabfactory/public_html/e-markethub.com/quiz/woo/wp-content/themes/storefront/functions.php on line 149 and exactly 1 expected in /home/adlabfactory/public_html/e-markethub.com/quiz/woo/wp-includes/load.php:1241
Stack trace:
#0 /home/adlabfactory/public_html/e-markethub.com/quiz/woo/wp-content/themes/storefront/functions.php(149): is_wp_error()
#1 /home/adlabfactory/public_html/e-markethub.com/quiz/woo/wp-includes/class-wp-hook.php(286): my_redirect('')
#2 /home/adlabfactory/public_html/e-markethub.com/quiz/woo/wp-includes/class-wp-hook.php(310): WP_Hook->apply_filters(NULL, Array)
#3 /home/adlabfactory/public_html/e-markethub.com/quiz/woo/wp-includes/plugin.php(465): WP_Hook->do_action(Array)
#4 /home/adlabfactory/public_html/e-markethub.com/quiz/woo/wp-includes/template-loader.php(13): do_action('template_redire...')
#5 /home/adlabfactory/public_html/e-markethub.com/quiz/woo/wp-blog-header.php(19): require_once('/ho in /home/adlabfactory/public_html/e-markethub.com/quiz/woo/wp-includes/load.php on line 1241

2019-04-23T11:17:20+00:00 CRITICAL Uncaught Error: Call to undefined function WP_error() in /home/adlabfactory/public_html/e-markethub.com/quiz/woo/wp-content/themes/storefront/functions.php:149
Stack trace:
#0 /home/adlabfactory/public_html/e-markethub.com/quiz/woo/wp-includes/class-wp-hook.php(286): my_redirect('')
#1 /home/adlabfactory/public_html/e-markethub.com/quiz/woo/wp-includes/class-wp-hook.php(310): WP_Hook->apply_filters(NULL, Array)
#2 /home/adlabfactory/public_html/e-markethub.com/quiz/woo/wp-includes/plugin.php(465): WP_Hook->do_action(Array)
#3 /home/adlabfactory/public_html/e-markethub.com/quiz/woo/wp-includes/template-loader.php(13): do_action('template_redire...')
#4 /home/adlabfactory/public_html/e-markethub.com/quiz/woo/wp-blog-header.php(19): require_once('/home/adlabfact...')
#5 /home/adlabfactory/public_html/e-markethub.com/quiz/woo/index.php(17): require('/home/adlabfact...')
#6 {main}
  thrown in /home/adlabfactory/public_html/e-markethub.com/quiz/woo/wp-content/themes/storefront/functions.php on line 149

2019-04-23T11:17:25+00:00 CRITICAL Uncaught Error: Call to undefined function WP_error() in /home/adlabfactory/public_html/e-markethub.com/quiz/woo/wp-content/themes/storefront/functions.php:149
Stack trace:
#0 /home/adlabfactory/public_html/e-markethub.com/quiz/woo/wp-includes/class-wp-hook.php(286): my_redirect('')
#1 /home/adlabfactory/public_html/e-markethub.com/quiz/woo/wp-includes/class-wp-hook.php(310): WP_Hook->apply_filters(NULL, Array)
#2 /home/adlabfactory/public_html/e-markethub.com/quiz/woo/wp-includes/plugin.php(465): WP_Hook->do_action(Array)
#3 /home/adlabfactory/public_html/e-markethub.com/quiz/woo/wp-includes/template-loader.php(13): do_action('template_redire...')
#4 /home/adlabfactory/public_html/e-markethub.com/quiz/woo/wp-blog-header.php(19): require_once('/home/adlabfact...')
#5 /home/adlabfactory/public_html/e-markethub.com/quiz/woo/index.php(17): require('/home/adlabfact...')
#6 {main}
  thrown in /home/adlabfactory/public_html/e-markethub.com/quiz/woo/wp-content/themes/storefront/functions.php on line 149

2019-04-23T11:17:30+00:00 CRITICAL Uncaught Error: Call to undefined function WP_error() in /home/adlabfactory/public_html/e-markethub.com/quiz/woo/wp-content/themes/storefront/functions.php:149
Stack trace:
#0 /home/adlabfactory/public_html/e-markethub.com/quiz/woo/wp-includes/class-wp-hook.php(286): my_redirect('')
#1 /home/adlabfactory/public_html/e-markethub.com/quiz/woo/wp-includes/class-wp-hook.php(310): WP_Hook->apply_filters(NULL, Array)
#2 /home/adlabfactory/public_html/e-markethub.com/quiz/woo/wp-includes/plugin.php(465): WP_Hook->do_action(Array)
#3 /home/adlabfactory/public_html/e-markethub.com/quiz/woo/wp-includes/template-loader.php(13): do_action('template_redire...')
#4 /home/adlabfactory/public_html/e-markethub.com/quiz/woo/wp-blog-header.php(19): require_once('/home/adlabfact...')
#5 /home/adlabfactory/public_html/e-markethub.com/quiz/woo/index.php(17): require('/home/adlabfact...')
#6 {main}
  thrown in /home/adlabfactory/public_html/e-markethub.com/quiz/woo/wp-content/themes/storefront/functions.php on line 149

2019-04-23T11:18:04+00:00 CRITICAL Uncaught Error: Call to undefined function WP_error() in /home/adlabfactory/public_html/e-markethub.com/quiz/woo/wp-content/themes/storefront/functions.php:149
Stack trace:
#0 /home/adlabfactory/public_html/e-markethub.com/quiz/woo/wp-includes/class-wp-hook.php(286): my_redirect('')
#1 /home/adlabfactory/public_html/e-markethub.com/quiz/woo/wp-includes/class-wp-hook.php(310): WP_Hook->apply_filters(NULL, Array)
#2 /home/adlabfactory/public_html/e-markethub.com/quiz/woo/wp-includes/plugin.php(465): WP_Hook->do_action(Array)
#3 /home/adlabfactory/public_html/e-markethub.com/quiz/woo/wp-includes/template-loader.php(13): do_action('template_redire...')
#4 /home/adlabfactory/public_html/e-markethub.com/quiz/woo/wp-blog-header.php(19): require_once('/home/adlabfact...')
#5 /home/adlabfactory/public_html/e-markethub.com/quiz/woo/index.php(17): require('/home/adlabfact...')
#6 {main}
  thrown in /home/adlabfactory/public_html/e-markethub.com/quiz/woo/wp-content/themes/storefront/functions.php on line 149

2019-04-23T11:19:20+00:00 CRITICAL Uncaught Error: Call to undefined function WP_error() in /home/adlabfactory/public_html/e-markethub.com/quiz/woo/wp-content/themes/storefront/functions.php:149
Stack trace:
#0 /home/adlabfactory/public_html/e-markethub.com/quiz/woo/wp-includes/class-wp-hook.php(286): my_redirect('')
#1 /home/adlabfactory/public_html/e-markethub.com/quiz/woo/wp-includes/class-wp-hook.php(310): WP_Hook->apply_filters(NULL, Array)
#2 /home/adlabfactory/public_html/e-markethub.com/quiz/woo/wp-includes/plugin.php(465): WP_Hook->do_action(Array)
#3 /home/adlabfactory/public_html/e-markethub.com/quiz/woo/wp-includes/template-loader.php(13): do_action('template_redire...')
#4 /home/adlabfactory/public_html/e-markethub.com/quiz/woo/wp-blog-header.php(19): require_once('/home/adlabfact...')
#5 /home/adlabfactory/public_html/e-markethub.com/quiz/woo/index.php(17): require('/home/adlabfact...')
#6 {main}
  thrown in /home/adlabfactory/public_html/e-markethub.com/quiz/woo/wp-content/themes/storefront/functions.php on line 149

2019-04-23T11:19:32+00:00 CRITICAL Uncaught Error: Call to undefined function WP_error() in /home/adlabfactory/public_html/e-markethub.com/quiz/woo/wp-content/themes/storefront/functions.php:149
Stack trace:
#0 /home/adlabfactory/public_html/e-markethub.com/quiz/woo/wp-includes/class-wp-hook.php(286): my_redirect('')
#1 /home/adlabfactory/public_html/e-markethub.com/quiz/woo/wp-includes/class-wp-hook.php(310): WP_Hook->apply_filters(NULL, Array)
#2 /home/adlabfactory/public_html/e-markethub.com/quiz/woo/wp-includes/plugin.php(465): WP_Hook->do_action(Array)
#3 /home/adlabfactory/public_html/e-markethub.com/quiz/woo/wp-includes/template-loader.php(13): do_action('template_redire...')
#4 /home/adlabfactory/public_html/e-markethub.com/quiz/woo/wp-blog-header.php(19): require_once('/home/adlabfact...')
#5 /home/adlabfactory/public_html/e-markethub.com/quiz/woo/index.php(17): require('/home/adlabfact...')
#6 {main}
  thrown in /home/adlabfactory/public_html/e-markethub.com/quiz/woo/wp-content/themes/storefront/functions.php on line 149

