2019-04-20T18:50:20+00:00 CRITICAL Uncaught Error: Call to undefined function wi_cart_payment() in /home/adlabfactory/public_html/e-markethub.com/quiz/woo/wp-content/plugins/wooinstant/inc/wooinstant-functions.php:25
Stack trace:
#0 /home/adlabfactory/public_html/e-markethub.com/quiz/woo/wp-includes/class-wp-hook.php(286): wooinstant_cart_fragments(Array)
#1 /home/adlabfactory/public_html/e-markethub.com/quiz/woo/wp-includes/plugin.php(208): WP_Hook->apply_filters(Array, Array)
#2 /home/adlabfactory/public_html/e-markethub.com/quiz/woo/wp-content/plugins/woocommerce/includes/class-wc-ajax.php(179): apply_filters('woocommerce_add...', Array)
#3 /home/adlabfactory/public_html/e-markethub.com/quiz/woo/wp-content/plugins/woocommerce/includes/class-wc-ajax.php(401): WC_AJAX::get_refreshed_fragments()
#4 /home/adlabfactory/public_html/e-markethub.com/quiz/woo/wp-includes/class-wp-hook.php(286): WC_AJAX::add_to_cart('')
#5 /home/adlabfactory/public_html/e-markethub.com/quiz/woo/wp-includes/class-wp-hook.php(310): WP_Hook->apply_filters('', Array)
#6  in /home/adlabfactory/public_html/e-markethub.com/quiz/woo/wp-content/plugins/wooinstant/inc/wooinstant-functions.php on line 25

2019-04-20T18:50:34+00:00 CRITICAL Uncaught Error: Call to undefined function wi_cart_payment() in /home/adlabfactory/public_html/e-markethub.com/quiz/woo/wp-content/plugins/wooinstant/inc/wooinstant-functions.php:25
Stack trace:
#0 /home/adlabfactory/public_html/e-markethub.com/quiz/woo/wp-includes/class-wp-hook.php(286): wooinstant_cart_fragments(Array)
#1 /home/adlabfactory/public_html/e-markethub.com/quiz/woo/wp-includes/plugin.php(208): WP_Hook->apply_filters(Array, Array)
#2 /home/adlabfactory/public_html/e-markethub.com/quiz/woo/wp-content/plugins/woocommerce/includes/class-wc-ajax.php(179): apply_filters('woocommerce_add...', Array)
#3 /home/adlabfactory/public_html/e-markethub.com/quiz/woo/wp-content/plugins/woocommerce/includes/class-wc-ajax.php(401): WC_AJAX::get_refreshed_fragments()
#4 /home/adlabfactory/public_html/e-markethub.com/quiz/woo/wp-includes/class-wp-hook.php(286): WC_AJAX::add_to_cart('')
#5 /home/adlabfactory/public_html/e-markethub.com/quiz/woo/wp-includes/class-wp-hook.php(310): WP_Hook->apply_filters('', Array)
#6  in /home/adlabfactory/public_html/e-markethub.com/quiz/woo/wp-content/plugins/wooinstant/inc/wooinstant-functions.php on line 25

2019-04-20T18:50:36+00:00 CRITICAL Uncaught Error: Call to undefined function wi_cart_payment() in /home/adlabfactory/public_html/e-markethub.com/quiz/woo/wp-content/plugins/wooinstant/inc/wooinstant-functions.php:25
Stack trace:
#0 /home/adlabfactory/public_html/e-markethub.com/quiz/woo/wp-includes/class-wp-hook.php(286): wooinstant_cart_fragments(Array)
#1 /home/adlabfactory/public_html/e-markethub.com/quiz/woo/wp-includes/plugin.php(208): WP_Hook->apply_filters(Array, Array)
#2 /home/adlabfactory/public_html/e-markethub.com/quiz/woo/wp-content/plugins/woocommerce/includes/class-wc-ajax.php(179): apply_filters('woocommerce_add...', Array)
#3 /home/adlabfactory/public_html/e-markethub.com/quiz/woo/wp-includes/class-wp-hook.php(286): WC_AJAX::get_refreshed_fragments('')
#4 /home/adlabfactory/public_html/e-markethub.com/quiz/woo/wp-includes/class-wp-hook.php(310): WP_Hook->apply_filters('', Array)
#5 /home/adlabfactory/public_html/e-markethub.com/quiz/woo/wp-includes/plugin.php(465): WP_Hook->do_action(Array)
#6 /home/adlabfactory/public_html/e in /home/adlabfactory/public_html/e-markethub.com/quiz/woo/wp-content/plugins/wooinstant/inc/wooinstant-functions.php on line 25

2019-04-20T18:50:41+00:00 CRITICAL Uncaught Error: Call to undefined function wi_cart_payment() in /home/adlabfactory/public_html/e-markethub.com/quiz/woo/wp-content/plugins/wooinstant/inc/wooinstant-functions.php:25
Stack trace:
#0 /home/adlabfactory/public_html/e-markethub.com/quiz/woo/wp-includes/class-wp-hook.php(286): wooinstant_cart_fragments(Array)
#1 /home/adlabfactory/public_html/e-markethub.com/quiz/woo/wp-includes/plugin.php(208): WP_Hook->apply_filters(Array, Array)
#2 /home/adlabfactory/public_html/e-markethub.com/quiz/woo/wp-content/plugins/woocommerce/includes/class-wc-ajax.php(179): apply_filters('woocommerce_add...', Array)
#3 /home/adlabfactory/public_html/e-markethub.com/quiz/woo/wp-content/plugins/woocommerce/includes/class-wc-ajax.php(401): WC_AJAX::get_refreshed_fragments()
#4 /home/adlabfactory/public_html/e-markethub.com/quiz/woo/wp-includes/class-wp-hook.php(286): WC_AJAX::add_to_cart('')
#5 /home/adlabfactory/public_html/e-markethub.com/quiz/woo/wp-includes/class-wp-hook.php(310): WP_Hook->apply_filters('', Array)
#6  in /home/adlabfactory/public_html/e-markethub.com/quiz/woo/wp-content/plugins/wooinstant/inc/wooinstant-functions.php on line 25

2019-04-20T18:50:45+00:00 CRITICAL Uncaught Error: Call to undefined function wi_cart_payment() in /home/adlabfactory/public_html/e-markethub.com/quiz/woo/wp-content/plugins/wooinstant/inc/wooinstant-functions.php:25
Stack trace:
#0 /home/adlabfactory/public_html/e-markethub.com/quiz/woo/wp-includes/class-wp-hook.php(286): wooinstant_cart_fragments(Array)
#1 /home/adlabfactory/public_html/e-markethub.com/quiz/woo/wp-includes/plugin.php(208): WP_Hook->apply_filters(Array, Array)
#2 /home/adlabfactory/public_html/e-markethub.com/quiz/woo/wp-content/plugins/woocommerce/includes/class-wc-ajax.php(179): apply_filters('woocommerce_add...', Array)
#3 /home/adlabfactory/public_html/e-markethub.com/quiz/woo/wp-content/plugins/woocommerce/includes/class-wc-ajax.php(401): WC_AJAX::get_refreshed_fragments()
#4 /home/adlabfactory/public_html/e-markethub.com/quiz/woo/wp-includes/class-wp-hook.php(286): WC_AJAX::add_to_cart('')
#5 /home/adlabfactory/public_html/e-markethub.com/quiz/woo/wp-includes/class-wp-hook.php(310): WP_Hook->apply_filters('', Array)
#6  in /home/adlabfactory/public_html/e-markethub.com/quiz/woo/wp-content/plugins/wooinstant/inc/wooinstant-functions.php on line 25

2019-04-20T18:50:47+00:00 CRITICAL Uncaught Error: Call to undefined function wi_cart_payment() in /home/adlabfactory/public_html/e-markethub.com/quiz/woo/wp-content/plugins/wooinstant/inc/wooinstant-functions.php:25
Stack trace:
#0 /home/adlabfactory/public_html/e-markethub.com/quiz/woo/wp-includes/class-wp-hook.php(286): wooinstant_cart_fragments(Array)
#1 /home/adlabfactory/public_html/e-markethub.com/quiz/woo/wp-includes/plugin.php(208): WP_Hook->apply_filters(Array, Array)
#2 /home/adlabfactory/public_html/e-markethub.com/quiz/woo/wp-content/plugins/woocommerce/includes/class-wc-ajax.php(179): apply_filters('woocommerce_add...', Array)
#3 /home/adlabfactory/public_html/e-markethub.com/quiz/woo/wp-includes/class-wp-hook.php(286): WC_AJAX::get_refreshed_fragments('')
#4 /home/adlabfactory/public_html/e-markethub.com/quiz/woo/wp-includes/class-wp-hook.php(310): WP_Hook->apply_filters('', Array)
#5 /home/adlabfactory/public_html/e-markethub.com/quiz/woo/wp-includes/plugin.php(465): WP_Hook->do_action(Array)
#6 /home/adlabfactory/public_html/e in /home/adlabfactory/public_html/e-markethub.com/quiz/woo/wp-content/plugins/wooinstant/inc/wooinstant-functions.php on line 25

2019-04-20T18:50:50+00:00 CRITICAL Uncaught Error: Call to undefined function wi_cart_payment() in /home/adlabfactory/public_html/e-markethub.com/quiz/woo/wp-content/plugins/wooinstant/inc/wooinstant-functions.php:25
Stack trace:
#0 /home/adlabfactory/public_html/e-markethub.com/quiz/woo/wp-includes/class-wp-hook.php(286): wooinstant_cart_fragments(Array)
#1 /home/adlabfactory/public_html/e-markethub.com/quiz/woo/wp-includes/plugin.php(208): WP_Hook->apply_filters(Array, Array)
#2 /home/adlabfactory/public_html/e-markethub.com/quiz/woo/wp-content/plugins/woocommerce/includes/class-wc-ajax.php(179): apply_filters('woocommerce_add...', Array)
#3 /home/adlabfactory/public_html/e-markethub.com/quiz/woo/wp-content/plugins/woocommerce/includes/class-wc-ajax.php(401): WC_AJAX::get_refreshed_fragments()
#4 /home/adlabfactory/public_html/e-markethub.com/quiz/woo/wp-includes/class-wp-hook.php(286): WC_AJAX::add_to_cart('')
#5 /home/adlabfactory/public_html/e-markethub.com/quiz/woo/wp-includes/class-wp-hook.php(310): WP_Hook->apply_filters('', Array)
#6  in /home/adlabfactory/public_html/e-markethub.com/quiz/woo/wp-content/plugins/wooinstant/inc/wooinstant-functions.php on line 25

2019-04-20T18:50:53+00:00 CRITICAL Uncaught Error: Call to undefined function wi_cart_payment() in /home/adlabfactory/public_html/e-markethub.com/quiz/woo/wp-content/plugins/wooinstant/inc/wooinstant-functions.php:25
Stack trace:
#0 /home/adlabfactory/public_html/e-markethub.com/quiz/woo/wp-includes/class-wp-hook.php(286): wooinstant_cart_fragments(Array)
#1 /home/adlabfactory/public_html/e-markethub.com/quiz/woo/wp-includes/plugin.php(208): WP_Hook->apply_filters(Array, Array)
#2 /home/adlabfactory/public_html/e-markethub.com/quiz/woo/wp-content/plugins/woocommerce/includes/class-wc-ajax.php(179): apply_filters('woocommerce_add...', Array)
#3 /home/adlabfactory/public_html/e-markethub.com/quiz/woo/wp-content/plugins/woocommerce/includes/class-wc-ajax.php(401): WC_AJAX::get_refreshed_fragments()
#4 /home/adlabfactory/public_html/e-markethub.com/quiz/woo/wp-includes/class-wp-hook.php(286): WC_AJAX::add_to_cart('')
#5 /home/adlabfactory/public_html/e-markethub.com/quiz/woo/wp-includes/class-wp-hook.php(310): WP_Hook->apply_filters('', Array)
#6  in /home/adlabfactory/public_html/e-markethub.com/quiz/woo/wp-content/plugins/wooinstant/inc/wooinstant-functions.php on line 25

2019-04-20T18:50:54+00:00 CRITICAL Uncaught Error: Call to undefined function wi_cart_payment() in /home/adlabfactory/public_html/e-markethub.com/quiz/woo/wp-content/plugins/wooinstant/inc/wooinstant-functions.php:25
Stack trace:
#0 /home/adlabfactory/public_html/e-markethub.com/quiz/woo/wp-includes/class-wp-hook.php(286): wooinstant_cart_fragments(Array)
#1 /home/adlabfactory/public_html/e-markethub.com/quiz/woo/wp-includes/plugin.php(208): WP_Hook->apply_filters(Array, Array)
#2 /home/adlabfactory/public_html/e-markethub.com/quiz/woo/wp-content/plugins/woocommerce/includes/class-wc-ajax.php(179): apply_filters('woocommerce_add...', Array)
#3 /home/adlabfactory/public_html/e-markethub.com/quiz/woo/wp-includes/class-wp-hook.php(286): WC_AJAX::get_refreshed_fragments('')
#4 /home/adlabfactory/public_html/e-markethub.com/quiz/woo/wp-includes/class-wp-hook.php(310): WP_Hook->apply_filters('', Array)
#5 /home/adlabfactory/public_html/e-markethub.com/quiz/woo/wp-includes/plugin.php(465): WP_Hook->do_action(Array)
#6 /home/adlabfactory/public_html/e in /home/adlabfactory/public_html/e-markethub.com/quiz/woo/wp-content/plugins/wooinstant/inc/wooinstant-functions.php on line 25

2019-04-20T18:50:56+00:00 CRITICAL Uncaught Error: Call to undefined function wi_cart_payment() in /home/adlabfactory/public_html/e-markethub.com/quiz/woo/wp-content/plugins/wooinstant/inc/wooinstant-functions.php:25
Stack trace:
#0 /home/adlabfactory/public_html/e-markethub.com/quiz/woo/wp-includes/class-wp-hook.php(286): wooinstant_cart_fragments(Array)
#1 /home/adlabfactory/public_html/e-markethub.com/quiz/woo/wp-includes/plugin.php(208): WP_Hook->apply_filters(Array, Array)
#2 /home/adlabfactory/public_html/e-markethub.com/quiz/woo/wp-content/plugins/woocommerce/includes/class-wc-ajax.php(179): apply_filters('woocommerce_add...', Array)
#3 /home/adlabfactory/public_html/e-markethub.com/quiz/woo/wp-content/plugins/woocommerce/includes/class-wc-ajax.php(401): WC_AJAX::get_refreshed_fragments()
#4 /home/adlabfactory/public_html/e-markethub.com/quiz/woo/wp-includes/class-wp-hook.php(286): WC_AJAX::add_to_cart('')
#5 /home/adlabfactory/public_html/e-markethub.com/quiz/woo/wp-includes/class-wp-hook.php(310): WP_Hook->apply_filters('', Array)
#6  in /home/adlabfactory/public_html/e-markethub.com/quiz/woo/wp-content/plugins/wooinstant/inc/wooinstant-functions.php on line 25

2019-04-20T18:51:01+00:00 CRITICAL Uncaught Error: Call to undefined function wi_cart_payment() in /home/adlabfactory/public_html/e-markethub.com/quiz/woo/wp-content/plugins/wooinstant/inc/wooinstant-functions.php:25
Stack trace:
#0 /home/adlabfactory/public_html/e-markethub.com/quiz/woo/wp-includes/class-wp-hook.php(286): wooinstant_cart_fragments(Array)
#1 /home/adlabfactory/public_html/e-markethub.com/quiz/woo/wp-includes/plugin.php(208): WP_Hook->apply_filters(Array, Array)
#2 /home/adlabfactory/public_html/e-markethub.com/quiz/woo/wp-content/plugins/woocommerce/includes/class-wc-ajax.php(179): apply_filters('woocommerce_add...', Array)
#3 /home/adlabfactory/public_html/e-markethub.com/quiz/woo/wp-content/plugins/woocommerce/includes/class-wc-ajax.php(401): WC_AJAX::get_refreshed_fragments()
#4 /home/adlabfactory/public_html/e-markethub.com/quiz/woo/wp-includes/class-wp-hook.php(286): WC_AJAX::add_to_cart('')
#5 /home/adlabfactory/public_html/e-markethub.com/quiz/woo/wp-includes/class-wp-hook.php(310): WP_Hook->apply_filters('', Array)
#6  in /home/adlabfactory/public_html/e-markethub.com/quiz/woo/wp-content/plugins/wooinstant/inc/wooinstant-functions.php on line 25

2019-04-20T18:51:03+00:00 CRITICAL Uncaught Error: Call to undefined function wi_cart_payment() in /home/adlabfactory/public_html/e-markethub.com/quiz/woo/wp-content/plugins/wooinstant/inc/wooinstant-functions.php:25
Stack trace:
#0 /home/adlabfactory/public_html/e-markethub.com/quiz/woo/wp-includes/class-wp-hook.php(286): wooinstant_cart_fragments(Array)
#1 /home/adlabfactory/public_html/e-markethub.com/quiz/woo/wp-includes/plugin.php(208): WP_Hook->apply_filters(Array, Array)
#2 /home/adlabfactory/public_html/e-markethub.com/quiz/woo/wp-content/plugins/woocommerce/includes/class-wc-ajax.php(179): apply_filters('woocommerce_add...', Array)
#3 /home/adlabfactory/public_html/e-markethub.com/quiz/woo/wp-includes/class-wp-hook.php(286): WC_AJAX::get_refreshed_fragments('')
#4 /home/adlabfactory/public_html/e-markethub.com/quiz/woo/wp-includes/class-wp-hook.php(310): WP_Hook->apply_filters('', Array)
#5 /home/adlabfactory/public_html/e-markethub.com/quiz/woo/wp-includes/plugin.php(465): WP_Hook->do_action(Array)
#6 /home/adlabfactory/public_html/e in /home/adlabfactory/public_html/e-markethub.com/quiz/woo/wp-content/plugins/wooinstant/inc/wooinstant-functions.php on line 25

2019-04-20T18:52:52+00:00 CRITICAL Uncaught Error: Call to undefined function wi_cart_payment() in /home/adlabfactory/public_html/e-markethub.com/quiz/woo/wp-content/plugins/wooinstant/inc/wooinstant-functions.php:25
Stack trace:
#0 /home/adlabfactory/public_html/e-markethub.com/quiz/woo/wp-includes/class-wp-hook.php(286): wooinstant_cart_fragments(Array)
#1 /home/adlabfactory/public_html/e-markethub.com/quiz/woo/wp-includes/plugin.php(208): WP_Hook->apply_filters(Array, Array)
#2 /home/adlabfactory/public_html/e-markethub.com/quiz/woo/wp-content/plugins/woocommerce/includes/class-wc-ajax.php(179): apply_filters('woocommerce_add...', Array)
#3 /home/adlabfactory/public_html/e-markethub.com/quiz/woo/wp-includes/class-wp-hook.php(286): WC_AJAX::get_refreshed_fragments('')
#4 /home/adlabfactory/public_html/e-markethub.com/quiz/woo/wp-includes/class-wp-hook.php(310): WP_Hook->apply_filters('', Array)
#5 /home/adlabfactory/public_html/e-markethub.com/quiz/woo/wp-includes/plugin.php(465): WP_Hook->do_action(Array)
#6 /home/adlabfactory/public_html/e in /home/adlabfactory/public_html/e-markethub.com/quiz/woo/wp-content/plugins/wooinstant/inc/wooinstant-functions.php on line 25

2019-04-20T18:52:54+00:00 CRITICAL Uncaught Error: Call to undefined function wi_cart_payment() in /home/adlabfactory/public_html/e-markethub.com/quiz/woo/wp-content/plugins/wooinstant/inc/wooinstant-functions.php:25
Stack trace:
#0 /home/adlabfactory/public_html/e-markethub.com/quiz/woo/wp-includes/class-wp-hook.php(286): wooinstant_cart_fragments(Array)
#1 /home/adlabfactory/public_html/e-markethub.com/quiz/woo/wp-includes/plugin.php(208): WP_Hook->apply_filters(Array, Array)
#2 /home/adlabfactory/public_html/e-markethub.com/quiz/woo/wp-content/plugins/woocommerce/includes/class-wc-ajax.php(179): apply_filters('woocommerce_add...', Array)
#3 /home/adlabfactory/public_html/e-markethub.com/quiz/woo/wp-includes/class-wp-hook.php(286): WC_AJAX::get_refreshed_fragments('')
#4 /home/adlabfactory/public_html/e-markethub.com/quiz/woo/wp-includes/class-wp-hook.php(310): WP_Hook->apply_filters('', Array)
#5 /home/adlabfactory/public_html/e-markethub.com/quiz/woo/wp-includes/plugin.php(465): WP_Hook->do_action(Array)
#6 /home/adlabfactory/public_html/e in /home/adlabfactory/public_html/e-markethub.com/quiz/woo/wp-content/plugins/wooinstant/inc/wooinstant-functions.php on line 25

2019-04-20T18:52:56+00:00 CRITICAL Uncaught Error: Call to undefined function wi_cart_payment() in /home/adlabfactory/public_html/e-markethub.com/quiz/woo/wp-content/plugins/wooinstant/inc/wooinstant-functions.php:25
Stack trace:
#0 /home/adlabfactory/public_html/e-markethub.com/quiz/woo/wp-includes/class-wp-hook.php(286): wooinstant_cart_fragments(Array)
#1 /home/adlabfactory/public_html/e-markethub.com/quiz/woo/wp-includes/plugin.php(208): WP_Hook->apply_filters(Array, Array)
#2 /home/adlabfactory/public_html/e-markethub.com/quiz/woo/wp-content/plugins/woocommerce/includes/class-wc-ajax.php(179): apply_filters('woocommerce_add...', Array)
#3 /home/adlabfactory/public_html/e-markethub.com/quiz/woo/wp-includes/class-wp-hook.php(286): WC_AJAX::get_refreshed_fragments('')
#4 /home/adlabfactory/public_html/e-markethub.com/quiz/woo/wp-includes/class-wp-hook.php(310): WP_Hook->apply_filters('', Array)
#5 /home/adlabfactory/public_html/e-markethub.com/quiz/woo/wp-includes/plugin.php(465): WP_Hook->do_action(Array)
#6 /home/adlabfactory/public_html/e in /home/adlabfactory/public_html/e-markethub.com/quiz/woo/wp-content/plugins/wooinstant/inc/wooinstant-functions.php on line 25

2019-04-20T18:53:01+00:00 CRITICAL Uncaught Error: Call to undefined function wi_cart_payment() in /home/adlabfactory/public_html/e-markethub.com/quiz/woo/wp-content/plugins/wooinstant/inc/wooinstant-functions.php:25
Stack trace:
#0 /home/adlabfactory/public_html/e-markethub.com/quiz/woo/wp-includes/class-wp-hook.php(286): wooinstant_cart_fragments(Array)
#1 /home/adlabfactory/public_html/e-markethub.com/quiz/woo/wp-includes/plugin.php(208): WP_Hook->apply_filters(Array, Array)
#2 /home/adlabfactory/public_html/e-markethub.com/quiz/woo/wp-content/plugins/woocommerce/includes/class-wc-ajax.php(179): apply_filters('woocommerce_add...', Array)
#3 /home/adlabfactory/public_html/e-markethub.com/quiz/woo/wp-includes/class-wp-hook.php(286): WC_AJAX::get_refreshed_fragments('')
#4 /home/adlabfactory/public_html/e-markethub.com/quiz/woo/wp-includes/class-wp-hook.php(310): WP_Hook->apply_filters('', Array)
#5 /home/adlabfactory/public_html/e-markethub.com/quiz/woo/wp-includes/plugin.php(465): WP_Hook->do_action(Array)
#6 /home/adlabfactory/public_html/e in /home/adlabfactory/public_html/e-markethub.com/quiz/woo/wp-content/plugins/wooinstant/inc/wooinstant-functions.php on line 25

2019-04-20T18:53:05+00:00 CRITICAL Uncaught Error: Call to undefined function wi_cart_payment() in /home/adlabfactory/public_html/e-markethub.com/quiz/woo/wp-content/plugins/wooinstant/inc/wooinstant-functions.php:25
Stack trace:
#0 /home/adlabfactory/public_html/e-markethub.com/quiz/woo/wp-includes/class-wp-hook.php(286): wooinstant_cart_fragments(Array)
#1 /home/adlabfactory/public_html/e-markethub.com/quiz/woo/wp-includes/plugin.php(208): WP_Hook->apply_filters(Array, Array)
#2 /home/adlabfactory/public_html/e-markethub.com/quiz/woo/wp-content/plugins/woocommerce/includes/class-wc-ajax.php(179): apply_filters('woocommerce_add...', Array)
#3 /home/adlabfactory/public_html/e-markethub.com/quiz/woo/wp-includes/class-wp-hook.php(286): WC_AJAX::get_refreshed_fragments('')
#4 /home/adlabfactory/public_html/e-markethub.com/quiz/woo/wp-includes/class-wp-hook.php(310): WP_Hook->apply_filters('', Array)
#5 /home/adlabfactory/public_html/e-markethub.com/quiz/woo/wp-includes/plugin.php(465): WP_Hook->do_action(Array)
#6 /home/adlabfactory/public_html/e in /home/adlabfactory/public_html/e-markethub.com/quiz/woo/wp-content/plugins/wooinstant/inc/wooinstant-functions.php on line 25

2019-04-20T18:53:07+00:00 CRITICAL Uncaught Error: Call to undefined function wi_cart_payment() in /home/adlabfactory/public_html/e-markethub.com/quiz/woo/wp-content/plugins/wooinstant/inc/wooinstant-functions.php:25
Stack trace:
#0 /home/adlabfactory/public_html/e-markethub.com/quiz/woo/wp-includes/class-wp-hook.php(286): wooinstant_cart_fragments(Array)
#1 /home/adlabfactory/public_html/e-markethub.com/quiz/woo/wp-includes/plugin.php(208): WP_Hook->apply_filters(Array, Array)
#2 /home/adlabfactory/public_html/e-markethub.com/quiz/woo/wp-content/plugins/woocommerce/includes/class-wc-ajax.php(179): apply_filters('woocommerce_add...', Array)
#3 /home/adlabfactory/public_html/e-markethub.com/quiz/woo/wp-content/plugins/woocommerce/includes/class-wc-ajax.php(401): WC_AJAX::get_refreshed_fragments()
#4 /home/adlabfactory/public_html/e-markethub.com/quiz/woo/wp-includes/class-wp-hook.php(286): WC_AJAX::add_to_cart('')
#5 /home/adlabfactory/public_html/e-markethub.com/quiz/woo/wp-includes/class-wp-hook.php(310): WP_Hook->apply_filters('', Array)
#6  in /home/adlabfactory/public_html/e-markethub.com/quiz/woo/wp-content/plugins/wooinstant/inc/wooinstant-functions.php on line 25

2019-04-20T18:53:23+00:00 CRITICAL Uncaught Error: Call to undefined function wi_cart_payment() in /home/adlabfactory/public_html/e-markethub.com/quiz/woo/wp-content/plugins/wooinstant/inc/wooinstant-functions.php:25
Stack trace:
#0 /home/adlabfactory/public_html/e-markethub.com/quiz/woo/wp-includes/class-wp-hook.php(286): wooinstant_cart_fragments(Array)
#1 /home/adlabfactory/public_html/e-markethub.com/quiz/woo/wp-includes/plugin.php(208): WP_Hook->apply_filters(Array, Array)
#2 /home/adlabfactory/public_html/e-markethub.com/quiz/woo/wp-content/plugins/woocommerce/includes/class-wc-ajax.php(179): apply_filters('woocommerce_add...', Array)
#3 /home/adlabfactory/public_html/e-markethub.com/quiz/woo/wp-includes/class-wp-hook.php(286): WC_AJAX::get_refreshed_fragments('')
#4 /home/adlabfactory/public_html/e-markethub.com/quiz/woo/wp-includes/class-wp-hook.php(310): WP_Hook->apply_filters('', Array)
#5 /home/adlabfactory/public_html/e-markethub.com/quiz/woo/wp-includes/plugin.php(465): WP_Hook->do_action(Array)
#6 /home/adlabfactory/public_html/e in /home/adlabfactory/public_html/e-markethub.com/quiz/woo/wp-content/plugins/wooinstant/inc/wooinstant-functions.php on line 25

2019-04-20T18:53:25+00:00 CRITICAL Uncaught Error: Call to undefined function wi_cart_payment() in /home/adlabfactory/public_html/e-markethub.com/quiz/woo/wp-content/plugins/wooinstant/inc/wooinstant-functions.php:25
Stack trace:
#0 /home/adlabfactory/public_html/e-markethub.com/quiz/woo/wp-includes/class-wp-hook.php(286): wooinstant_cart_fragments(Array)
#1 /home/adlabfactory/public_html/e-markethub.com/quiz/woo/wp-includes/plugin.php(208): WP_Hook->apply_filters(Array, Array)
#2 /home/adlabfactory/public_html/e-markethub.com/quiz/woo/wp-content/plugins/woocommerce/includes/class-wc-ajax.php(179): apply_filters('woocommerce_add...', Array)
#3 /home/adlabfactory/public_html/e-markethub.com/quiz/woo/wp-includes/class-wp-hook.php(286): WC_AJAX::get_refreshed_fragments('')
#4 /home/adlabfactory/public_html/e-markethub.com/quiz/woo/wp-includes/class-wp-hook.php(310): WP_Hook->apply_filters('', Array)
#5 /home/adlabfactory/public_html/e-markethub.com/quiz/woo/wp-includes/plugin.php(465): WP_Hook->do_action(Array)
#6 /home/adlabfactory/public_html/e in /home/adlabfactory/public_html/e-markethub.com/quiz/woo/wp-content/plugins/wooinstant/inc/wooinstant-functions.php on line 25

2019-04-20T18:53:28+00:00 CRITICAL Uncaught Error: Call to undefined function wi_cart_payment() in /home/adlabfactory/public_html/e-markethub.com/quiz/woo/wp-content/plugins/wooinstant/inc/wooinstant-functions.php:25
Stack trace:
#0 /home/adlabfactory/public_html/e-markethub.com/quiz/woo/wp-includes/class-wp-hook.php(286): wooinstant_cart_fragments(Array)
#1 /home/adlabfactory/public_html/e-markethub.com/quiz/woo/wp-includes/plugin.php(208): WP_Hook->apply_filters(Array, Array)
#2 /home/adlabfactory/public_html/e-markethub.com/quiz/woo/wp-content/plugins/woocommerce/includes/class-wc-ajax.php(179): apply_filters('woocommerce_add...', Array)
#3 /home/adlabfactory/public_html/e-markethub.com/quiz/woo/wp-includes/class-wp-hook.php(286): WC_AJAX::get_refreshed_fragments('')
#4 /home/adlabfactory/public_html/e-markethub.com/quiz/woo/wp-includes/class-wp-hook.php(310): WP_Hook->apply_filters('', Array)
#5 /home/adlabfactory/public_html/e-markethub.com/quiz/woo/wp-includes/plugin.php(465): WP_Hook->do_action(Array)
#6 /home/adlabfactory/public_html/e in /home/adlabfactory/public_html/e-markethub.com/quiz/woo/wp-content/plugins/wooinstant/inc/wooinstant-functions.php on line 25

2019-04-20T18:53:35+00:00 CRITICAL Uncaught Error: Call to undefined function wi_cart_payment() in /home/adlabfactory/public_html/e-markethub.com/quiz/woo/wp-content/plugins/wooinstant/inc/wooinstant-functions.php:25
Stack trace:
#0 /home/adlabfactory/public_html/e-markethub.com/quiz/woo/wp-includes/class-wp-hook.php(286): wooinstant_cart_fragments(Array)
#1 /home/adlabfactory/public_html/e-markethub.com/quiz/woo/wp-includes/plugin.php(208): WP_Hook->apply_filters(Array, Array)
#2 /home/adlabfactory/public_html/e-markethub.com/quiz/woo/wp-content/plugins/woocommerce/includes/class-wc-ajax.php(179): apply_filters('woocommerce_add...', Array)
#3 /home/adlabfactory/public_html/e-markethub.com/quiz/woo/wp-content/plugins/woocommerce/includes/class-wc-ajax.php(401): WC_AJAX::get_refreshed_fragments()
#4 /home/adlabfactory/public_html/e-markethub.com/quiz/woo/wp-includes/class-wp-hook.php(286): WC_AJAX::add_to_cart('')
#5 /home/adlabfactory/public_html/e-markethub.com/quiz/woo/wp-includes/class-wp-hook.php(310): WP_Hook->apply_filters('', Array)
#6  in /home/adlabfactory/public_html/e-markethub.com/quiz/woo/wp-content/plugins/wooinstant/inc/wooinstant-functions.php on line 25

2019-04-20T18:53:39+00:00 CRITICAL Uncaught Error: Call to undefined function wi_cart_payment() in /home/adlabfactory/public_html/e-markethub.com/quiz/woo/wp-content/plugins/wooinstant/inc/wooinstant-functions.php:25
Stack trace:
#0 /home/adlabfactory/public_html/e-markethub.com/quiz/woo/wp-includes/class-wp-hook.php(286): wooinstant_cart_fragments(Array)
#1 /home/adlabfactory/public_html/e-markethub.com/quiz/woo/wp-includes/plugin.php(208): WP_Hook->apply_filters(Array, Array)
#2 /home/adlabfactory/public_html/e-markethub.com/quiz/woo/wp-content/plugins/woocommerce/includes/class-wc-ajax.php(179): apply_filters('woocommerce_add...', Array)
#3 /home/adlabfactory/public_html/e-markethub.com/quiz/woo/wp-content/plugins/woocommerce/includes/class-wc-ajax.php(401): WC_AJAX::get_refreshed_fragments()
#4 /home/adlabfactory/public_html/e-markethub.com/quiz/woo/wp-includes/class-wp-hook.php(286): WC_AJAX::add_to_cart('')
#5 /home/adlabfactory/public_html/e-markethub.com/quiz/woo/wp-includes/class-wp-hook.php(310): WP_Hook->apply_filters('', Array)
#6  in /home/adlabfactory/public_html/e-markethub.com/quiz/woo/wp-content/plugins/wooinstant/inc/wooinstant-functions.php on line 25

2019-04-20T18:53:40+00:00 CRITICAL Uncaught Error: Call to undefined function wi_cart_payment() in /home/adlabfactory/public_html/e-markethub.com/quiz/woo/wp-content/plugins/wooinstant/inc/wooinstant-functions.php:25
Stack trace:
#0 /home/adlabfactory/public_html/e-markethub.com/quiz/woo/wp-includes/class-wp-hook.php(286): wooinstant_cart_fragments(Array)
#1 /home/adlabfactory/public_html/e-markethub.com/quiz/woo/wp-includes/plugin.php(208): WP_Hook->apply_filters(Array, Array)
#2 /home/adlabfactory/public_html/e-markethub.com/quiz/woo/wp-content/plugins/woocommerce/includes/class-wc-ajax.php(179): apply_filters('woocommerce_add...', Array)
#3 /home/adlabfactory/public_html/e-markethub.com/quiz/woo/wp-includes/class-wp-hook.php(286): WC_AJAX::get_refreshed_fragments('')
#4 /home/adlabfactory/public_html/e-markethub.com/quiz/woo/wp-includes/class-wp-hook.php(310): WP_Hook->apply_filters('', Array)
#5 /home/adlabfactory/public_html/e-markethub.com/quiz/woo/wp-includes/plugin.php(465): WP_Hook->do_action(Array)
#6 /home/adlabfactory/public_html/e in /home/adlabfactory/public_html/e-markethub.com/quiz/woo/wp-content/plugins/wooinstant/inc/wooinstant-functions.php on line 25

2019-04-20T18:53:44+00:00 CRITICAL Uncaught Error: Call to undefined function wi_cart_payment() in /home/adlabfactory/public_html/e-markethub.com/quiz/woo/wp-content/plugins/wooinstant/inc/wooinstant-functions.php:25
Stack trace:
#0 /home/adlabfactory/public_html/e-markethub.com/quiz/woo/wp-includes/class-wp-hook.php(286): wooinstant_cart_fragments(Array)
#1 /home/adlabfactory/public_html/e-markethub.com/quiz/woo/wp-includes/plugin.php(208): WP_Hook->apply_filters(Array, Array)
#2 /home/adlabfactory/public_html/e-markethub.com/quiz/woo/wp-content/plugins/woocommerce/includes/class-wc-ajax.php(179): apply_filters('woocommerce_add...', Array)
#3 /home/adlabfactory/public_html/e-markethub.com/quiz/woo/wp-includes/class-wp-hook.php(286): WC_AJAX::get_refreshed_fragments('')
#4 /home/adlabfactory/public_html/e-markethub.com/quiz/woo/wp-includes/class-wp-hook.php(310): WP_Hook->apply_filters('', Array)
#5 /home/adlabfactory/public_html/e-markethub.com/quiz/woo/wp-includes/plugin.php(465): WP_Hook->do_action(Array)
#6 /home/adlabfactory/public_html/e in /home/adlabfactory/public_html/e-markethub.com/quiz/woo/wp-content/plugins/wooinstant/inc/wooinstant-functions.php on line 25

2019-04-20T18:53:47+00:00 CRITICAL Uncaught Error: Call to undefined function wi_cart_payment() in /home/adlabfactory/public_html/e-markethub.com/quiz/woo/wp-content/plugins/wooinstant/inc/wooinstant-functions.php:25
Stack trace:
#0 /home/adlabfactory/public_html/e-markethub.com/quiz/woo/wp-includes/class-wp-hook.php(286): wooinstant_cart_fragments(Array)
#1 /home/adlabfactory/public_html/e-markethub.com/quiz/woo/wp-includes/plugin.php(208): WP_Hook->apply_filters(Array, Array)
#2 /home/adlabfactory/public_html/e-markethub.com/quiz/woo/wp-content/plugins/woocommerce/includes/class-wc-ajax.php(179): apply_filters('woocommerce_add...', Array)
#3 /home/adlabfactory/public_html/e-markethub.com/quiz/woo/wp-includes/class-wp-hook.php(286): WC_AJAX::get_refreshed_fragments('')
#4 /home/adlabfactory/public_html/e-markethub.com/quiz/woo/wp-includes/class-wp-hook.php(310): WP_Hook->apply_filters('', Array)
#5 /home/adlabfactory/public_html/e-markethub.com/quiz/woo/wp-includes/plugin.php(465): WP_Hook->do_action(Array)
#6 /home/adlabfactory/public_html/e in /home/adlabfactory/public_html/e-markethub.com/quiz/woo/wp-content/plugins/wooinstant/inc/wooinstant-functions.php on line 25

2019-04-20T18:53:52+00:00 CRITICAL Uncaught Error: Call to undefined function wi_cart_payment() in /home/adlabfactory/public_html/e-markethub.com/quiz/woo/wp-content/plugins/wooinstant/inc/wooinstant-functions.php:25
Stack trace:
#0 /home/adlabfactory/public_html/e-markethub.com/quiz/woo/wp-includes/class-wp-hook.php(286): wooinstant_cart_fragments(Array)
#1 /home/adlabfactory/public_html/e-markethub.com/quiz/woo/wp-includes/plugin.php(208): WP_Hook->apply_filters(Array, Array)
#2 /home/adlabfactory/public_html/e-markethub.com/quiz/woo/wp-content/plugins/woocommerce/includes/class-wc-ajax.php(179): apply_filters('woocommerce_add...', Array)
#3 /home/adlabfactory/public_html/e-markethub.com/quiz/woo/wp-includes/class-wp-hook.php(286): WC_AJAX::get_refreshed_fragments('')
#4 /home/adlabfactory/public_html/e-markethub.com/quiz/woo/wp-includes/class-wp-hook.php(310): WP_Hook->apply_filters('', Array)
#5 /home/adlabfactory/public_html/e-markethub.com/quiz/woo/wp-includes/plugin.php(465): WP_Hook->do_action(Array)
#6 /home/adlabfactory/public_html/e in /home/adlabfactory/public_html/e-markethub.com/quiz/woo/wp-content/plugins/wooinstant/inc/wooinstant-functions.php on line 25

2019-04-20T18:53:55+00:00 CRITICAL Uncaught Error: Call to undefined function wi_cart_payment() in /home/adlabfactory/public_html/e-markethub.com/quiz/woo/wp-content/plugins/wooinstant/inc/wooinstant-functions.php:25
Stack trace:
#0 /home/adlabfactory/public_html/e-markethub.com/quiz/woo/wp-includes/class-wp-hook.php(286): wooinstant_cart_fragments(Array)
#1 /home/adlabfactory/public_html/e-markethub.com/quiz/woo/wp-includes/plugin.php(208): WP_Hook->apply_filters(Array, Array)
#2 /home/adlabfactory/public_html/e-markethub.com/quiz/woo/wp-content/plugins/woocommerce/includes/class-wc-ajax.php(179): apply_filters('woocommerce_add...', Array)
#3 /home/adlabfactory/public_html/e-markethub.com/quiz/woo/wp-includes/class-wp-hook.php(286): WC_AJAX::get_refreshed_fragments('')
#4 /home/adlabfactory/public_html/e-markethub.com/quiz/woo/wp-includes/class-wp-hook.php(310): WP_Hook->apply_filters('', Array)
#5 /home/adlabfactory/public_html/e-markethub.com/quiz/woo/wp-includes/plugin.php(465): WP_Hook->do_action(Array)
#6 /home/adlabfactory/public_html/e in /home/adlabfactory/public_html/e-markethub.com/quiz/woo/wp-content/plugins/wooinstant/inc/wooinstant-functions.php on line 25

2019-04-20T18:54:00+00:00 CRITICAL Uncaught Error: Call to undefined function wi_cart_payment() in /home/adlabfactory/public_html/e-markethub.com/quiz/woo/wp-content/plugins/wooinstant/inc/wooinstant-functions.php:25
Stack trace:
#0 /home/adlabfactory/public_html/e-markethub.com/quiz/woo/wp-includes/class-wp-hook.php(286): wooinstant_cart_fragments(Array)
#1 /home/adlabfactory/public_html/e-markethub.com/quiz/woo/wp-includes/plugin.php(208): WP_Hook->apply_filters(Array, Array)
#2 /home/adlabfactory/public_html/e-markethub.com/quiz/woo/wp-content/plugins/woocommerce/includes/class-wc-ajax.php(179): apply_filters('woocommerce_add...', Array)
#3 /home/adlabfactory/public_html/e-markethub.com/quiz/woo/wp-content/plugins/woocommerce/includes/class-wc-ajax.php(401): WC_AJAX::get_refreshed_fragments()
#4 /home/adlabfactory/public_html/e-markethub.com/quiz/woo/wp-includes/class-wp-hook.php(286): WC_AJAX::add_to_cart('')
#5 /home/adlabfactory/public_html/e-markethub.com/quiz/woo/wp-includes/class-wp-hook.php(310): WP_Hook->apply_filters('', Array)
#6  in /home/adlabfactory/public_html/e-markethub.com/quiz/woo/wp-content/plugins/wooinstant/inc/wooinstant-functions.php on line 25

2019-04-20T18:58:35+00:00 CRITICAL Uncaught Error: Call to undefined function wi_cart_payment() in /home/adlabfactory/public_html/e-markethub.com/quiz/woo/wp-content/plugins/wooinstant/inc/wooinstant-functions.php:25
Stack trace:
#0 /home/adlabfactory/public_html/e-markethub.com/quiz/woo/wp-includes/class-wp-hook.php(286): wooinstant_cart_fragments(Array)
#1 /home/adlabfactory/public_html/e-markethub.com/quiz/woo/wp-includes/plugin.php(208): WP_Hook->apply_filters(Array, Array)
#2 /home/adlabfactory/public_html/e-markethub.com/quiz/woo/wp-content/plugins/woocommerce/includes/class-wc-ajax.php(179): apply_filters('woocommerce_add...', Array)
#3 /home/adlabfactory/public_html/e-markethub.com/quiz/woo/wp-content/plugins/woocommerce/includes/class-wc-ajax.php(401): WC_AJAX::get_refreshed_fragments()
#4 /home/adlabfactory/public_html/e-markethub.com/quiz/woo/wp-includes/class-wp-hook.php(286): WC_AJAX::add_to_cart('')
#5 /home/adlabfactory/public_html/e-markethub.com/quiz/woo/wp-includes/class-wp-hook.php(310): WP_Hook->apply_filters('', Array)
#6  in /home/adlabfactory/public_html/e-markethub.com/quiz/woo/wp-content/plugins/wooinstant/inc/wooinstant-functions.php on line 25

2019-04-20T18:58:37+00:00 CRITICAL Uncaught Error: Call to undefined function wi_cart_payment() in /home/adlabfactory/public_html/e-markethub.com/quiz/woo/wp-content/plugins/wooinstant/inc/wooinstant-functions.php:25
Stack trace:
#0 /home/adlabfactory/public_html/e-markethub.com/quiz/woo/wp-includes/class-wp-hook.php(286): wooinstant_cart_fragments(Array)
#1 /home/adlabfactory/public_html/e-markethub.com/quiz/woo/wp-includes/plugin.php(208): WP_Hook->apply_filters(Array, Array)
#2 /home/adlabfactory/public_html/e-markethub.com/quiz/woo/wp-content/plugins/woocommerce/includes/class-wc-ajax.php(179): apply_filters('woocommerce_add...', Array)
#3 /home/adlabfactory/public_html/e-markethub.com/quiz/woo/wp-includes/class-wp-hook.php(286): WC_AJAX::get_refreshed_fragments('')
#4 /home/adlabfactory/public_html/e-markethub.com/quiz/woo/wp-includes/class-wp-hook.php(310): WP_Hook->apply_filters('', Array)
#5 /home/adlabfactory/public_html/e-markethub.com/quiz/woo/wp-includes/plugin.php(465): WP_Hook->do_action(Array)
#6 /home/adlabfactory/public_html/e in /home/adlabfactory/public_html/e-markethub.com/quiz/woo/wp-content/plugins/wooinstant/inc/wooinstant-functions.php on line 25

2019-04-20T18:58:57+00:00 CRITICAL Uncaught Error: Call to undefined function wi_cart_payment() in /home/adlabfactory/public_html/e-markethub.com/quiz/woo/wp-content/plugins/wooinstant/inc/wooinstant-functions.php:25
Stack trace:
#0 /home/adlabfactory/public_html/e-markethub.com/quiz/woo/wp-includes/class-wp-hook.php(286): wooinstant_cart_fragments(Array)
#1 /home/adlabfactory/public_html/e-markethub.com/quiz/woo/wp-includes/plugin.php(208): WP_Hook->apply_filters(Array, Array)
#2 /home/adlabfactory/public_html/e-markethub.com/quiz/woo/wp-content/plugins/woocommerce/includes/class-wc-ajax.php(179): apply_filters('woocommerce_add...', Array)
#3 /home/adlabfactory/public_html/e-markethub.com/quiz/woo/wp-includes/class-wp-hook.php(286): WC_AJAX::get_refreshed_fragments('')
#4 /home/adlabfactory/public_html/e-markethub.com/quiz/woo/wp-includes/class-wp-hook.php(310): WP_Hook->apply_filters('', Array)
#5 /home/adlabfactory/public_html/e-markethub.com/quiz/woo/wp-includes/plugin.php(465): WP_Hook->do_action(Array)
#6 /home/adlabfactory/public_html/e in /home/adlabfactory/public_html/e-markethub.com/quiz/woo/wp-content/plugins/wooinstant/inc/wooinstant-functions.php on line 25

2019-04-20T18:59:02+00:00 CRITICAL Uncaught Error: Call to undefined function wi_cart_payment() in /home/adlabfactory/public_html/e-markethub.com/quiz/woo/wp-content/plugins/wooinstant/inc/wooinstant-functions.php:25
Stack trace:
#0 /home/adlabfactory/public_html/e-markethub.com/quiz/woo/wp-includes/class-wp-hook.php(286): wooinstant_cart_fragments(Array)
#1 /home/adlabfactory/public_html/e-markethub.com/quiz/woo/wp-includes/plugin.php(208): WP_Hook->apply_filters(Array, Array)
#2 /home/adlabfactory/public_html/e-markethub.com/quiz/woo/wp-content/plugins/woocommerce/includes/class-wc-ajax.php(179): apply_filters('woocommerce_add...', Array)
#3 /home/adlabfactory/public_html/e-markethub.com/quiz/woo/wp-includes/class-wp-hook.php(286): WC_AJAX::get_refreshed_fragments('')
#4 /home/adlabfactory/public_html/e-markethub.com/quiz/woo/wp-includes/class-wp-hook.php(310): WP_Hook->apply_filters('', Array)
#5 /home/adlabfactory/public_html/e-markethub.com/quiz/woo/wp-includes/plugin.php(465): WP_Hook->do_action(Array)
#6 /home/adlabfactory/public_html/e in /home/adlabfactory/public_html/e-markethub.com/quiz/woo/wp-content/plugins/wooinstant/inc/wooinstant-functions.php on line 25

2019-04-20T18:59:16+00:00 CRITICAL Uncaught Error: Call to undefined function wi_cart_payment() in /home/adlabfactory/public_html/e-markethub.com/quiz/woo/wp-content/plugins/wooinstant/inc/wooinstant-functions.php:25
Stack trace:
#0 /home/adlabfactory/public_html/e-markethub.com/quiz/woo/wp-includes/class-wp-hook.php(286): wooinstant_cart_fragments(Array)
#1 /home/adlabfactory/public_html/e-markethub.com/quiz/woo/wp-includes/plugin.php(208): WP_Hook->apply_filters(Array, Array)
#2 /home/adlabfactory/public_html/e-markethub.com/quiz/woo/wp-content/plugins/woocommerce/includes/class-wc-ajax.php(179): apply_filters('woocommerce_add...', Array)
#3 /home/adlabfactory/public_html/e-markethub.com/quiz/woo/wp-content/plugins/woocommerce/includes/class-wc-ajax.php(401): WC_AJAX::get_refreshed_fragments()
#4 /home/adlabfactory/public_html/e-markethub.com/quiz/woo/wp-includes/class-wp-hook.php(286): WC_AJAX::add_to_cart('')
#5 /home/adlabfactory/public_html/e-markethub.com/quiz/woo/wp-includes/class-wp-hook.php(310): WP_Hook->apply_filters('', Array)
#6  in /home/adlabfactory/public_html/e-markethub.com/quiz/woo/wp-content/plugins/wooinstant/inc/wooinstant-functions.php on line 25

